{"D:\\projects\\react_native_blog\\index.js": {"path":"D:\\projects\\react_native_blog\\index.js","statementMap":{"0":{"start":{"line":1,"column":42},"end":{"line":1,"column":97}},"1":{"start":{"line":2,"column":0},"end":{"line":2,"column":40}},"2":{"start":{"line":3,"column":12},"end":{"line":3,"column":27}},"3":{"start":{"line":6,"column":11},"end":{"line":6,"column":55}},"4":{"start":{"line":8,"column":0},"end":{"line":8,"column":50}}},"fnMap":{},"branchMap":{},"s":{"0":0,"1":0,"2":0,"3":0,"4":0},"f":{},"b":{},"inputSourceMap":null}
,"D:\\projects\\react_native_blog\\src\\App.js": {"path":"D:\\projects\\react_native_blog\\src\\App.js","statementMap":{"0":{"start":{"line":1,"column":42},"end":{"line":1,"column":97}},"1":{"start":{"line":1,"column":98},"end":{"line":1,"column":160}},"2":{"start":{"line":1,"column":160},"end":{"line":1,"column":185}},"3":{"start":{"line":1,"column":208},"end":{"line":1,"column":280}},"4":{"start":{"line":2,"column":13},"end":{"line":2,"column":53}},"5":{"start":{"line":3,"column":18},"end":{"line":3,"column":40}},"6":{"start":{"line":4,"column":14},"end":{"line":4,"column":49}},"7":{"start":{"line":7,"column":14},"end":{"line":7,"column":57}},"8":{"start":{"line":8,"column":13},"end":{"line":8,"column":31}},"9":{"start":{"line":9,"column":19},"end":{"line":9,"column":74}},"10":{"start":{"line":9,"column":94},"end":{"line":9,"column":140}},"11":{"start":{"line":12,"column":2},"end":{"line":15,"column":397}}},"fnMap":{"0":{"name":"App","decl":{"start":{"line":11,"column":9},"end":{"line":11,"column":12}},"loc":{"start":{"line":11,"column":15},"end":{"line":19,"column":1}},"line":11}},"branchMap":{},"s":{"0":0,"1":0,"2":0,"3":0,"4":0,"5":0,"6":0,"7":0,"8":0,"9":0,"10":0,"11":0},"f":{"0":0},"b":{},"inputSourceMap":null}
,"D:\\projects\\react_native_blog\\src\\selectors.js": {"path":"D:\\projects\\react_native_blog\\src\\selectors.js","statementMap":{"0":{"start":{"line":1,"column":13},"end":{"line":1,"column":75}},"1":{"start":{"line":1,"column":75},"end":{"line":1,"column":206}},"2":{"start":{"line":1,"column":222},"end":{"line":1,"column":241}},"3":{"start":{"line":4,"column":22},"end":{"line":4,"column":77}},"4":{"start":{"line":4,"column":55},"end":{"line":4,"column":76}},"5":{"start":{"line":5,"column":26},"end":{"line":5,"column":90}},"6":{"start":{"line":5,"column":63},"end":{"line":5,"column":89}},"7":{"start":{"line":7,"column":23},"end":{"line":7,"column":82}},"8":{"start":{"line":7,"column":57},"end":{"line":7,"column":81}},"9":{"start":{"line":8,"column":24},"end":{"line":8,"column":85}},"10":{"start":{"line":8,"column":59},"end":{"line":8,"column":84}},"11":{"start":{"line":9,"column":20},"end":{"line":9,"column":71}},"12":{"start":{"line":9,"column":51},"end":{"line":9,"column":70}},"13":{"start":{"line":11,"column":28},"end":{"line":11,"column":96}},"14":{"start":{"line":11,"column":67},"end":{"line":11,"column":95}},"15":{"start":{"line":12,"column":26},"end":{"line":12,"column":90}},"16":{"start":{"line":12,"column":63},"end":{"line":12,"column":89}},"17":{"start":{"line":15,"column":20},"end":{"line":17,"column":43}},"18":{"start":{"line":17,"column":23},"end":{"line":17,"column":41}},"19":{"start":{"line":17,"column":44},"end":{"line":17,"column":82}},"20":{"start":{"line":20,"column":18},"end":{"line":22,"column":39}},"21":{"start":{"line":22,"column":21},"end":{"line":22,"column":37}},"22":{"start":{"line":22,"column":40},"end":{"line":22,"column":74}},"23":{"start":{"line":25,"column":24},"end":{"line":26,"column":41}},"24":{"start":{"line":25,"column":91},"end":{"line":26,"column":39}},"25":{"start":{"line":26,"column":42},"end":{"line":26,"column":88}},"26":{"start":{"line":29,"column":22},"end":{"line":46,"column":2}},"27":{"start":{"line":32,"column":2},"end":{"line":45,"column":5}},"28":{"start":{"line":33,"column":4},"end":{"line":35,"column":5}},"29":{"start":{"line":34,"column":6},"end":{"line":34,"column":18}},"30":{"start":{"line":37,"column":24},"end":{"line":39,"column":34}},"31":{"start":{"line":41,"column":25},"end":{"line":43,"column":34}},"32":{"start":{"line":44,"column":4},"end":{"line":44,"column":43}},"33":{"start":{"line":46,"column":3},"end":{"line":46,"column":45}},"34":{"start":{"line":49,"column":20},"end":{"line":66,"column":2}},"35":{"start":{"line":52,"column":2},"end":{"line":65,"column":5}},"36":{"start":{"line":53,"column":4},"end":{"line":55,"column":5}},"37":{"start":{"line":54,"column":6},"end":{"line":54,"column":18}},"38":{"start":{"line":57,"column":25},"end":{"line":59,"column":34}},"39":{"start":{"line":61,"column":24},"end":{"line":63,"column":34}},"40":{"start":{"line":64,"column":4},"end":{"line":64,"column":43}},"41":{"start":{"line":66,"column":3},"end":{"line":66,"column":41}}},"fnMap":{"0":{"name":"authorsSelector","decl":{"start":{"line":4,"column":31},"end":{"line":4,"column":46}},"loc":{"start":{"line":4,"column":54},"end":{"line":4,"column":77}},"line":4},"1":{"name":"authorsListSelector","decl":{"start":{"line":5,"column":35},"end":{"line":5,"column":54}},"loc":{"start":{"line":5,"column":62},"end":{"line":5,"column":90}},"line":5},"2":{"name":"postListSelector","decl":{"start":{"line":7,"column":32},"end":{"line":7,"column":48}},"loc":{"start":{"line":7,"column":56},"end":{"line":7,"column":82}},"line":7},"3":{"name":"postsListSelector","decl":{"start":{"line":8,"column":33},"end":{"line":8,"column":50}},"loc":{"start":{"line":8,"column":58},"end":{"line":8,"column":85}},"line":8},"4":{"name":"postsSelector","decl":{"start":{"line":9,"column":29},"end":{"line":9,"column":42}},"loc":{"start":{"line":9,"column":50},"end":{"line":9,"column":71}},"line":9},"5":{"name":"searchAuthorsSelector","decl":{"start":{"line":11,"column":37},"end":{"line":11,"column":58}},"loc":{"start":{"line":11,"column":66},"end":{"line":11,"column":96}},"line":11},"6":{"name":"searchPostsSelector","decl":{"start":{"line":12,"column":35},"end":{"line":12,"column":54}},"loc":{"start":{"line":12,"column":62},"end":{"line":12,"column":90}},"line":12},"7":{"name":"(anonymous_7)","decl":{"start":{"line":17,"column":0},"end":{"line":17,"column":1}},"loc":{"start":{"line":17,"column":22},"end":{"line":17,"column":42}},"line":17},"8":{"name":"(anonymous_8)","decl":{"start":{"line":22,"column":0},"end":{"line":22,"column":1}},"loc":{"start":{"line":22,"column":20},"end":{"line":22,"column":38}},"line":22},"9":{"name":"(anonymous_9)","decl":{"start":{"line":25,"column":73},"end":{"line":25,"column":74}},"loc":{"start":{"line":25,"column":90},"end":{"line":26,"column":40}},"line":25},"10":{"name":"(anonymous_10)","decl":{"start":{"line":31,"column":0},"end":{"line":31,"column":1}},"loc":{"start":{"line":31,"column":27},"end":{"line":46,"column":1}},"line":31},"11":{"name":"(anonymous_11)","decl":{"start":{"line":32,"column":24},"end":{"line":32,"column":25}},"loc":{"start":{"line":32,"column":42},"end":{"line":45,"column":3}},"line":32},"12":{"name":"(anonymous_12)","decl":{"start":{"line":51,"column":0},"end":{"line":51,"column":1}},"loc":{"start":{"line":51,"column":25},"end":{"line":66,"column":1}},"line":51},"13":{"name":"(anonymous_13)","decl":{"start":{"line":52,"column":22},"end":{"line":52,"column":23}},"loc":{"start":{"line":52,"column":38},"end":{"line":65,"column":3}},"line":52}},"branchMap":{"0":{"loc":{"start":{"line":26,"column":4},"end":{"line":26,"column":37}},"type":"cond-expr","locations":[{"start":{"line":26,"column":25},"end":{"line":26,"column":29}},{"start":{"line":26,"column":32},"end":{"line":26,"column":37}}],"line":26},"1":{"loc":{"start":{"line":33,"column":4},"end":{"line":35,"column":5}},"type":"if","locations":[{"start":{"line":33,"column":4},"end":{"line":35,"column":5}},{"start":{"line":33,"column":4},"end":{"line":35,"column":5}}],"line":33},"2":{"loc":{"start":{"line":44,"column":11},"end":{"line":44,"column":42}},"type":"binary-expr","locations":[{"start":{"line":44,"column":11},"end":{"line":44,"column":24}},{"start":{"line":44,"column":28},"end":{"line":44,"column":42}}],"line":44},"3":{"loc":{"start":{"line":53,"column":4},"end":{"line":55,"column":5}},"type":"if","locations":[{"start":{"line":53,"column":4},"end":{"line":55,"column":5}},{"start":{"line":53,"column":4},"end":{"line":55,"column":5}}],"line":53},"4":{"loc":{"start":{"line":64,"column":11},"end":{"line":64,"column":42}},"type":"binary-expr","locations":[{"start":{"line":64,"column":11},"end":{"line":64,"column":25}},{"start":{"line":64,"column":29},"end":{"line":64,"column":42}}],"line":64}},"s":{"0":0,"1":0,"2":0,"3":0,"4":0,"5":0,"6":0,"7":0,"8":0,"9":0,"10":0,"11":0,"12":0,"13":0,"14":0,"15":0,"16":0,"17":0,"18":0,"19":0,"20":0,"21":0,"22":0,"23":0,"24":0,"25":0,"26":0,"27":0,"28":0,"29":0,"30":0,"31":0,"32":0,"33":0,"34":0,"35":0,"36":0,"37":0,"38":0,"39":0,"40":0,"41":0},"f":{"0":0,"1":0,"2":0,"3":0,"4":0,"5":0,"6":0,"7":0,"8":0,"9":0,"10":0,"11":0,"12":0,"13":0},"b":{"0":[0,0],"1":[0,0],"2":[0,0],"3":[0,0],"4":[0,0]},"inputSourceMap":null}
,"D:\\projects\\react_native_blog\\src\\store.js": {"path":"D:\\projects\\react_native_blog\\src\\store.js","statementMap":{"0":{"start":{"line":1,"column":42},"end":{"line":1,"column":97}},"1":{"start":{"line":1,"column":98},"end":{"line":1,"column":160}},"2":{"start":{"line":1,"column":160},"end":{"line":1,"column":183}},"3":{"start":{"line":1,"column":206},"end":{"line":1,"column":278}},"4":{"start":{"line":2,"column":13},"end":{"line":2,"column":29}},"5":{"start":{"line":3,"column":18},"end":{"line":3,"column":64}},"6":{"start":{"line":4,"column":19},"end":{"line":4,"column":66}},"7":{"start":{"line":7,"column":13},"end":{"line":7,"column":59}},"8":{"start":{"line":7,"column":113},"end":{"line":7,"column":132}},"9":{"start":{"line":7,"column":133},"end":{"line":7,"column":378}},"10":{"start":{"line":7,"column":182},"end":{"line":7,"column":218}},"11":{"start":{"line":7,"column":219},"end":{"line":7,"column":346}},"12":{"start":{"line":7,"column":239},"end":{"line":7,"column":346}},"13":{"start":{"line":7,"column":280},"end":{"line":7,"column":343}},"14":{"start":{"line":7,"column":346},"end":{"line":7,"column":377}},"15":{"start":{"line":7,"column":378},"end":{"line":7,"column":390}},"16":{"start":{"line":7,"column":423},"end":{"line":7,"column":911}},"17":{"start":{"line":7,"column":436},"end":{"line":7,"column":437}},"18":{"start":{"line":7,"column":480},"end":{"line":7,"column":520}},"19":{"start":{"line":7,"column":521},"end":{"line":7,"column":910}},"20":{"start":{"line":7,"column":533},"end":{"line":7,"column":649}},"21":{"start":{"line":7,"column":587},"end":{"line":7,"column":646}},"22":{"start":{"line":7,"column":656},"end":{"line":7,"column":910}},"23":{"start":{"line":7,"column":695},"end":{"line":7,"column":769}},"24":{"start":{"line":7,"column":777},"end":{"line":7,"column":909}},"25":{"start":{"line":7,"column":825},"end":{"line":7,"column":906}},"26":{"start":{"line":7,"column":911},"end":{"line":7,"column":925}},"27":{"start":{"line":9,"column":18},"end":{"line":10,"column":19}},"28":{"start":{"line":13,"column":23},"end":{"line":13,"column":84}},"29":{"start":{"line":15,"column":12},"end":{"line":17,"column":95}},"30":{"start":{"line":17,"column":96},"end":{"line":17,"column":118}}},"fnMap":{"0":{"name":"ownKeys","decl":{"start":{"line":7,"column":69},"end":{"line":7,"column":76}},"loc":{"start":{"line":7,"column":101},"end":{"line":7,"column":391}},"line":7},"1":{"name":"(anonymous_1)","decl":{"start":{"line":7,"column":264},"end":{"line":7,"column":265}},"loc":{"start":{"line":7,"column":279},"end":{"line":7,"column":344}},"line":7},"2":{"name":"_objectSpread","decl":{"start":{"line":7,"column":400},"end":{"line":7,"column":413}},"loc":{"start":{"line":7,"column":422},"end":{"line":7,"column":926}},"line":7},"3":{"name":"(anonymous_3)","decl":{"start":{"line":7,"column":571},"end":{"line":7,"column":572}},"loc":{"start":{"line":7,"column":586},"end":{"line":7,"column":647}},"line":7},"4":{"name":"(anonymous_4)","decl":{"start":{"line":7,"column":809},"end":{"line":7,"column":810}},"loc":{"start":{"line":7,"column":824},"end":{"line":7,"column":907}},"line":7}},"branchMap":{"0":{"loc":{"start":{"line":7,"column":133},"end":{"line":7,"column":378}},"type":"if","locations":[{"start":{"line":7,"column":133},"end":{"line":7,"column":378}},{"start":{"line":7,"column":133},"end":{"line":7,"column":378}}],"line":7},"1":{"loc":{"start":{"line":7,"column":219},"end":{"line":7,"column":346}},"type":"if","locations":[{"start":{"line":7,"column":219},"end":{"line":7,"column":346}},{"start":{"line":7,"column":219},"end":{"line":7,"column":346}}],"line":7},"2":{"loc":{"start":{"line":7,"column":480},"end":{"line":7,"column":520}},"type":"cond-expr","locations":[{"start":{"line":7,"column":503},"end":{"line":7,"column":515}},{"start":{"line":7,"column":518},"end":{"line":7,"column":520}}],"line":7},"3":{"loc":{"start":{"line":7,"column":521},"end":{"line":7,"column":910}},"type":"if","locations":[{"start":{"line":7,"column":521},"end":{"line":7,"column":910}},{"start":{"line":7,"column":521},"end":{"line":7,"column":910}}],"line":7},"4":{"loc":{"start":{"line":7,"column":656},"end":{"line":7,"column":910}},"type":"if","locations":[{"start":{"line":7,"column":656},"end":{"line":7,"column":910}},{"start":{"line":7,"column":656},"end":{"line":7,"column":910}}],"line":7},"5":{"loc":{"start":{"line":13,"column":23},"end":{"line":13,"column":84}},"type":"binary-expr","locations":[{"start":{"line":13,"column":23},"end":{"line":13,"column":66}},{"start":{"line":13,"column":70},"end":{"line":13,"column":84}}],"line":13}},"s":{"0":0,"1":0,"2":0,"3":0,"4":0,"5":0,"6":0,"7":0,"8":0,"9":0,"10":0,"11":0,"12":0,"13":0,"14":0,"15":0,"16":0,"17":0,"18":0,"19":0,"20":0,"21":0,"22":0,"23":0,"24":0,"25":0,"26":0,"27":0,"28":0,"29":0,"30":0},"f":{"0":0,"1":0,"2":0,"3":0,"4":0},"b":{"0":[0,0],"1":[0,0],"2":[0,0],"3":[0,0],"4":[0,0],"5":[0,0]},"inputSourceMap":null}
,"D:\\projects\\react_native_blog\\src\\api\\actions\\authorActions.js": {"path":"D:\\projects\\react_native_blog\\src\\api\\actions\\authorActions.js","statementMap":{"0":{"start":{"line":1,"column":42},"end":{"line":1,"column":97}},"1":{"start":{"line":1,"column":98},"end":{"line":1,"column":160}},"2":{"start":{"line":1,"column":160},"end":{"line":1,"column":200}},"3":{"start":{"line":1,"column":200},"end":{"line":1,"column":244}},"4":{"start":{"line":1,"column":263},"end":{"line":1,"column":324}},"5":{"start":{"line":1,"column":350},"end":{"line":1,"column":424}},"6":{"start":{"line":2,"column":13},"end":{"line":2,"column":53}},"7":{"start":{"line":5,"column":11},"end":{"line":5,"column":38}},"8":{"start":{"line":6,"column":13},"end":{"line":6,"column":31}},"9":{"start":{"line":15,"column":43},"end":{"line":15,"column":115}},"10":{"start":{"line":16,"column":2},"end":{"line":36,"column":210}},"11":{"start":{"line":16,"column":33},"end":{"line":36,"column":146}},"12":{"start":{"line":16,"column":152},"end":{"line":36,"column":143}},"13":{"start":{"line":16,"column":217},"end":{"line":36,"column":107}},"14":{"start":{"line":16,"column":228},"end":{"line":36,"column":106}},"15":{"start":{"line":17,"column":14},"end":{"line":19,"column":40}},"16":{"start":{"line":19,"column":40},"end":{"line":19,"column":58}},"17":{"start":{"line":19,"column":58},"end":{"line":19,"column":76}},"18":{"start":{"line":19,"column":76},"end":{"line":23,"column":64}},"19":{"start":{"line":23,"column":71},"end":{"line":23,"column":104}},"20":{"start":{"line":23,"column":104},"end":{"line":23,"column":133}},"21":{"start":{"line":24,"column":14},"end":{"line":26,"column":30}},"22":{"start":{"line":26,"column":30},"end":{"line":26,"column":49}},"23":{"start":{"line":26,"column":49},"end":{"line":26,"column":55}},"24":{"start":{"line":26,"column":62},"end":{"line":26,"column":80}},"25":{"start":{"line":26,"column":80},"end":{"line":26,"column":115}},"26":{"start":{"line":29,"column":14},"end":{"line":31,"column":28}},"27":{"start":{"line":31,"column":36},"end":{"line":31,"column":55}},"28":{"start":{"line":34,"column":14},"end":{"line":36,"column":36}},"29":{"start":{"line":36,"column":36},"end":{"line":36,"column":63}},"30":{"start":{"line":36,"column":82},"end":{"line":36,"column":105}},"31":{"start":{"line":36,"column":147},"end":{"line":36,"column":206}},"32":{"start":{"line":36,"column":169},"end":{"line":36,"column":204}},"33":{"start":{"line":42,"column":48},"end":{"line":42,"column":120}},"34":{"start":{"line":43,"column":2},"end":{"line":67,"column":215}},"35":{"start":{"line":43,"column":34},"end":{"line":67,"column":149}},"36":{"start":{"line":43,"column":155},"end":{"line":67,"column":146}},"37":{"start":{"line":43,"column":222},"end":{"line":67,"column":109}},"38":{"start":{"line":43,"column":233},"end":{"line":67,"column":108}},"39":{"start":{"line":44,"column":14},"end":{"line":46,"column":40}},"40":{"start":{"line":46,"column":40},"end":{"line":46,"column":59}},"41":{"start":{"line":46,"column":59},"end":{"line":46,"column":78}},"42":{"start":{"line":46,"column":78},"end":{"line":52,"column":34}},"43":{"start":{"line":52,"column":41},"end":{"line":52,"column":76}},"44":{"start":{"line":52,"column":76},"end":{"line":52,"column":106}},"45":{"start":{"line":55,"column":14},"end":{"line":57,"column":35}},"46":{"start":{"line":57,"column":35},"end":{"line":57,"column":55}},"47":{"start":{"line":57,"column":55},"end":{"line":57,"column":61}},"48":{"start":{"line":57,"column":68},"end":{"line":57,"column":87}},"49":{"start":{"line":57,"column":87},"end":{"line":57,"column":124}},"50":{"start":{"line":60,"column":14},"end":{"line":62,"column":30}},"51":{"start":{"line":62,"column":38},"end":{"line":62,"column":58}},"52":{"start":{"line":65,"column":14},"end":{"line":67,"column":36}},"53":{"start":{"line":67,"column":36},"end":{"line":67,"column":64}},"54":{"start":{"line":67,"column":83},"end":{"line":67,"column":107}},"55":{"start":{"line":67,"column":150},"end":{"line":67,"column":211}},"56":{"start":{"line":67,"column":173},"end":{"line":67,"column":209}}},"fnMap":{"0":{"name":"getAuthorsList","decl":{"start":{"line":15,"column":9},"end":{"line":15,"column":23}},"loc":{"start":{"line":15,"column":26},"end":{"line":40,"column":1}},"line":15},"1":{"name":"(anonymous_1)","decl":{"start":{"line":16,"column":9},"end":{"line":16,"column":10}},"loc":{"start":{"line":16,"column":21},"end":{"line":36,"column":207}},"line":16},"2":{"name":"_callee","decl":{"start":{"line":16,"column":106},"end":{"line":16,"column":113}},"loc":{"start":{"line":16,"column":124},"end":{"line":36,"column":144}},"line":16},"3":{"name":"_callee$","decl":{"start":{"line":16,"column":197},"end":{"line":16,"column":205}},"loc":{"start":{"line":16,"column":216},"end":{"line":36,"column":108}},"line":16},"4":{"name":"(anonymous_4)","decl":{"start":{"line":36,"column":154},"end":{"line":36,"column":155}},"loc":{"start":{"line":36,"column":168},"end":{"line":36,"column":205}},"line":36},"5":{"name":"getCurrentAuthor","decl":{"start":{"line":42,"column":9},"end":{"line":42,"column":25}},"loc":{"start":{"line":42,"column":31},"end":{"line":71,"column":1}},"line":42},"6":{"name":"(anonymous_6)","decl":{"start":{"line":43,"column":9},"end":{"line":43,"column":10}},"loc":{"start":{"line":43,"column":21},"end":{"line":67,"column":212}},"line":43},"7":{"name":"_callee2","decl":{"start":{"line":43,"column":107},"end":{"line":43,"column":115}},"loc":{"start":{"line":43,"column":126},"end":{"line":67,"column":147}},"line":43},"8":{"name":"_callee2$","decl":{"start":{"line":43,"column":200},"end":{"line":43,"column":209}},"loc":{"start":{"line":43,"column":221},"end":{"line":67,"column":110}},"line":43},"9":{"name":"(anonymous_9)","decl":{"start":{"line":67,"column":157},"end":{"line":67,"column":158}},"loc":{"start":{"line":67,"column":172},"end":{"line":67,"column":210}},"line":67}},"branchMap":{"0":{"loc":{"start":{"line":15,"column":43},"end":{"line":15,"column":115}},"type":"cond-expr","locations":[{"start":{"line":15,"column":96},"end":{"line":15,"column":108}},{"start":{"line":15,"column":111},"end":{"line":15,"column":115}}],"line":15},"1":{"loc":{"start":{"line":15,"column":43},"end":{"line":15,"column":93}},"type":"binary-expr","locations":[{"start":{"line":15,"column":43},"end":{"line":15,"column":63}},{"start":{"line":15,"column":67},"end":{"line":15,"column":93}}],"line":15},"2":{"loc":{"start":{"line":16,"column":228},"end":{"line":36,"column":106}},"type":"switch","locations":[{"start":{"line":16,"column":268},"end":{"line":23,"column":64}},{"start":{"line":23,"column":64},"end":{"line":26,"column":55}},{"start":{"line":26,"column":55},"end":{"line":31,"column":28}},{"start":{"line":31,"column":28},"end":{"line":36,"column":63}},{"start":{"line":36,"column":63},"end":{"line":36,"column":71}},{"start":{"line":36,"column":71},"end":{"line":36,"column":105}}],"line":16},"3":{"loc":{"start":{"line":42,"column":48},"end":{"line":42,"column":120}},"type":"cond-expr","locations":[{"start":{"line":42,"column":101},"end":{"line":42,"column":113}},{"start":{"line":42,"column":116},"end":{"line":42,"column":120}}],"line":42},"4":{"loc":{"start":{"line":42,"column":48},"end":{"line":42,"column":98}},"type":"binary-expr","locations":[{"start":{"line":42,"column":48},"end":{"line":42,"column":68}},{"start":{"line":42,"column":72},"end":{"line":42,"column":98}}],"line":42},"5":{"loc":{"start":{"line":43,"column":233},"end":{"line":67,"column":108}},"type":"switch","locations":[{"start":{"line":43,"column":275},"end":{"line":52,"column":34}},{"start":{"line":52,"column":34},"end":{"line":57,"column":61}},{"start":{"line":57,"column":61},"end":{"line":62,"column":30}},{"start":{"line":62,"column":30},"end":{"line":67,"column":64}},{"start":{"line":67,"column":64},"end":{"line":67,"column":72}},{"start":{"line":67,"column":72},"end":{"line":67,"column":107}}],"line":43}},"s":{"0":0,"1":0,"2":0,"3":0,"4":0,"5":0,"6":0,"7":0,"8":0,"9":0,"10":0,"11":0,"12":0,"13":0,"14":0,"15":0,"16":0,"17":0,"18":0,"19":0,"20":0,"21":0,"22":0,"23":0,"24":0,"25":0,"26":0,"27":0,"28":0,"29":0,"30":0,"31":0,"32":0,"33":0,"34":0,"35":0,"36":0,"37":0,"38":0,"39":0,"40":0,"41":0,"42":0,"43":0,"44":0,"45":0,"46":0,"47":0,"48":0,"49":0,"50":0,"51":0,"52":0,"53":0,"54":0,"55":0,"56":0},"f":{"0":0,"1":0,"2":0,"3":0,"4":0,"5":0,"6":0,"7":0,"8":0,"9":0},"b":{"0":[0,0],"1":[0,0],"2":[0,0,0,0,0,0],"3":[0,0],"4":[0,0],"5":[0,0,0,0,0,0]},"inputSourceMap":null}
,"D:\\projects\\react_native_blog\\src\\api\\actions\\postsActions.js": {"path":"D:\\projects\\react_native_blog\\src\\api\\actions\\postsActions.js","statementMap":{"0":{"start":{"line":1,"column":42},"end":{"line":1,"column":97}},"1":{"start":{"line":1,"column":98},"end":{"line":1,"column":160}},"2":{"start":{"line":1,"column":160},"end":{"line":1,"column":196}},"3":{"start":{"line":1,"column":196},"end":{"line":1,"column":236}},"4":{"start":{"line":1,"column":236},"end":{"line":1,"column":276}},"5":{"start":{"line":1,"column":295},"end":{"line":1,"column":356}},"6":{"start":{"line":1,"column":380},"end":{"line":1,"column":452}},"7":{"start":{"line":1,"column":478},"end":{"line":1,"column":552}},"8":{"start":{"line":2,"column":13},"end":{"line":2,"column":53}},"9":{"start":{"line":5,"column":11},"end":{"line":5,"column":38}},"10":{"start":{"line":6,"column":13},"end":{"line":6,"column":31}},"11":{"start":{"line":6,"column":85},"end":{"line":6,"column":104}},"12":{"start":{"line":6,"column":105},"end":{"line":6,"column":350}},"13":{"start":{"line":6,"column":154},"end":{"line":6,"column":190}},"14":{"start":{"line":6,"column":191},"end":{"line":6,"column":318}},"15":{"start":{"line":6,"column":211},"end":{"line":6,"column":318}},"16":{"start":{"line":6,"column":252},"end":{"line":6,"column":315}},"17":{"start":{"line":6,"column":318},"end":{"line":6,"column":349}},"18":{"start":{"line":6,"column":350},"end":{"line":6,"column":362}},"19":{"start":{"line":6,"column":395},"end":{"line":6,"column":883}},"20":{"start":{"line":6,"column":408},"end":{"line":6,"column":409}},"21":{"start":{"line":6,"column":452},"end":{"line":6,"column":492}},"22":{"start":{"line":6,"column":493},"end":{"line":6,"column":882}},"23":{"start":{"line":6,"column":505},"end":{"line":6,"column":621}},"24":{"start":{"line":6,"column":559},"end":{"line":6,"column":618}},"25":{"start":{"line":6,"column":628},"end":{"line":6,"column":882}},"26":{"start":{"line":6,"column":667},"end":{"line":6,"column":741}},"27":{"start":{"line":6,"column":749},"end":{"line":6,"column":881}},"28":{"start":{"line":6,"column":797},"end":{"line":6,"column":878}},"29":{"start":{"line":6,"column":883},"end":{"line":6,"column":897}},"30":{"start":{"line":16,"column":41},"end":{"line":16,"column":113}},"31":{"start":{"line":17,"column":2},"end":{"line":43,"column":211}},"32":{"start":{"line":17,"column":33},"end":{"line":43,"column":147}},"33":{"start":{"line":17,"column":161},"end":{"line":43,"column":144}},"34":{"start":{"line":17,"column":226},"end":{"line":43,"column":107}},"35":{"start":{"line":17,"column":237},"end":{"line":43,"column":106}},"36":{"start":{"line":18,"column":14},"end":{"line":20,"column":40}},"37":{"start":{"line":20,"column":40},"end":{"line":20,"column":58}},"38":{"start":{"line":20,"column":58},"end":{"line":20,"column":76}},"39":{"start":{"line":20,"column":76},"end":{"line":24,"column":64}},"40":{"start":{"line":24,"column":71},"end":{"line":24,"column":104}},"41":{"start":{"line":24,"column":104},"end":{"line":24,"column":133}},"42":{"start":{"line":25,"column":14},"end":{"line":30,"column":17}},"43":{"start":{"line":26,"column":16},"end":{"line":28,"column":57}},"44":{"start":{"line":31,"column":14},"end":{"line":33,"column":34}},"45":{"start":{"line":33,"column":34},"end":{"line":33,"column":53}},"46":{"start":{"line":33,"column":53},"end":{"line":33,"column":59}},"47":{"start":{"line":33,"column":67},"end":{"line":33,"column":86}},"48":{"start":{"line":33,"column":86},"end":{"line":33,"column":121}},"49":{"start":{"line":36,"column":14},"end":{"line":38,"column":29}},"50":{"start":{"line":38,"column":37},"end":{"line":38,"column":56}},"51":{"start":{"line":41,"column":14},"end":{"line":43,"column":36}},"52":{"start":{"line":43,"column":36},"end":{"line":43,"column":63}},"53":{"start":{"line":43,"column":82},"end":{"line":43,"column":105}},"54":{"start":{"line":43,"column":148},"end":{"line":43,"column":207}},"55":{"start":{"line":43,"column":170},"end":{"line":43,"column":205}},"56":{"start":{"line":49,"column":46},"end":{"line":49,"column":118}},"57":{"start":{"line":50,"column":2},"end":{"line":81,"column":216}},"58":{"start":{"line":50,"column":34},"end":{"line":81,"column":150}},"59":{"start":{"line":50,"column":164},"end":{"line":81,"column":147}},"60":{"start":{"line":50,"column":231},"end":{"line":81,"column":109}},"61":{"start":{"line":50,"column":242},"end":{"line":81,"column":108}},"62":{"start":{"line":51,"column":14},"end":{"line":53,"column":40}},"63":{"start":{"line":53,"column":40},"end":{"line":53,"column":59}},"64":{"start":{"line":53,"column":59},"end":{"line":53,"column":78}},"65":{"start":{"line":53,"column":78},"end":{"line":59,"column":38}},"66":{"start":{"line":59,"column":45},"end":{"line":59,"column":80}},"67":{"start":{"line":59,"column":80},"end":{"line":59,"column":110}},"68":{"start":{"line":63,"column":14},"end":{"line":68,"column":17}},"69":{"start":{"line":64,"column":16},"end":{"line":66,"column":57}},"70":{"start":{"line":69,"column":14},"end":{"line":71,"column":33}},"71":{"start":{"line":71,"column":33},"end":{"line":71,"column":53}},"72":{"start":{"line":71,"column":53},"end":{"line":71,"column":59}},"73":{"start":{"line":71,"column":67},"end":{"line":71,"column":87}},"74":{"start":{"line":71,"column":87},"end":{"line":71,"column":124}},"75":{"start":{"line":74,"column":14},"end":{"line":76,"column":28}},"76":{"start":{"line":76,"column":36},"end":{"line":76,"column":56}},"77":{"start":{"line":79,"column":14},"end":{"line":81,"column":36}},"78":{"start":{"line":81,"column":36},"end":{"line":81,"column":64}},"79":{"start":{"line":81,"column":83},"end":{"line":81,"column":107}},"80":{"start":{"line":81,"column":151},"end":{"line":81,"column":212}},"81":{"start":{"line":81,"column":174},"end":{"line":81,"column":210}},"82":{"start":{"line":88,"column":2},"end":{"line":93,"column":4}},"83":{"start":{"line":89,"column":4},"end":{"line":91,"column":16}}},"fnMap":{"0":{"name":"ownKeys","decl":{"start":{"line":6,"column":41},"end":{"line":6,"column":48}},"loc":{"start":{"line":6,"column":73},"end":{"line":6,"column":363}},"line":6},"1":{"name":"(anonymous_1)","decl":{"start":{"line":6,"column":236},"end":{"line":6,"column":237}},"loc":{"start":{"line":6,"column":251},"end":{"line":6,"column":316}},"line":6},"2":{"name":"_objectSpread","decl":{"start":{"line":6,"column":372},"end":{"line":6,"column":385}},"loc":{"start":{"line":6,"column":394},"end":{"line":6,"column":898}},"line":6},"3":{"name":"(anonymous_3)","decl":{"start":{"line":6,"column":543},"end":{"line":6,"column":544}},"loc":{"start":{"line":6,"column":558},"end":{"line":6,"column":619}},"line":6},"4":{"name":"(anonymous_4)","decl":{"start":{"line":6,"column":781},"end":{"line":6,"column":782}},"loc":{"start":{"line":6,"column":796},"end":{"line":6,"column":879}},"line":6},"5":{"name":"getPostsList","decl":{"start":{"line":16,"column":9},"end":{"line":16,"column":21}},"loc":{"start":{"line":16,"column":24},"end":{"line":47,"column":1}},"line":16},"6":{"name":"(anonymous_6)","decl":{"start":{"line":17,"column":9},"end":{"line":17,"column":10}},"loc":{"start":{"line":17,"column":21},"end":{"line":43,"column":208}},"line":17},"7":{"name":"_callee","decl":{"start":{"line":17,"column":106},"end":{"line":17,"column":113}},"loc":{"start":{"line":17,"column":124},"end":{"line":43,"column":145}},"line":17},"8":{"name":"_callee$","decl":{"start":{"line":17,"column":206},"end":{"line":17,"column":214}},"loc":{"start":{"line":17,"column":225},"end":{"line":43,"column":108}},"line":17},"9":{"name":"(anonymous_9)","decl":{"start":{"line":25,"column":33},"end":{"line":25,"column":34}},"loc":{"start":{"line":25,"column":49},"end":{"line":30,"column":15}},"line":25},"10":{"name":"(anonymous_10)","decl":{"start":{"line":43,"column":155},"end":{"line":43,"column":156}},"loc":{"start":{"line":43,"column":169},"end":{"line":43,"column":206}},"line":43},"11":{"name":"getCurrentPost","decl":{"start":{"line":49,"column":9},"end":{"line":49,"column":23}},"loc":{"start":{"line":49,"column":29},"end":{"line":85,"column":1}},"line":49},"12":{"name":"(anonymous_12)","decl":{"start":{"line":50,"column":9},"end":{"line":50,"column":10}},"loc":{"start":{"line":50,"column":21},"end":{"line":81,"column":213}},"line":50},"13":{"name":"_callee2","decl":{"start":{"line":50,"column":107},"end":{"line":50,"column":115}},"loc":{"start":{"line":50,"column":126},"end":{"line":81,"column":148}},"line":50},"14":{"name":"_callee2$","decl":{"start":{"line":50,"column":209},"end":{"line":50,"column":218}},"loc":{"start":{"line":50,"column":230},"end":{"line":81,"column":110}},"line":50},"15":{"name":"(anonymous_15)","decl":{"start":{"line":63,"column":33},"end":{"line":63,"column":34}},"loc":{"start":{"line":63,"column":49},"end":{"line":68,"column":15}},"line":63},"16":{"name":"(anonymous_16)","decl":{"start":{"line":81,"column":158},"end":{"line":81,"column":159}},"loc":{"start":{"line":81,"column":173},"end":{"line":81,"column":211}},"line":81},"17":{"name":"getExistedPost","decl":{"start":{"line":87,"column":9},"end":{"line":87,"column":23}},"loc":{"start":{"line":87,"column":28},"end":{"line":94,"column":1}},"line":87},"18":{"name":"(anonymous_18)","decl":{"start":{"line":88,"column":9},"end":{"line":88,"column":10}},"loc":{"start":{"line":88,"column":29},"end":{"line":93,"column":3}},"line":88}},"branchMap":{"0":{"loc":{"start":{"line":6,"column":105},"end":{"line":6,"column":350}},"type":"if","locations":[{"start":{"line":6,"column":105},"end":{"line":6,"column":350}},{"start":{"line":6,"column":105},"end":{"line":6,"column":350}}],"line":6},"1":{"loc":{"start":{"line":6,"column":191},"end":{"line":6,"column":318}},"type":"if","locations":[{"start":{"line":6,"column":191},"end":{"line":6,"column":318}},{"start":{"line":6,"column":191},"end":{"line":6,"column":318}}],"line":6},"2":{"loc":{"start":{"line":6,"column":452},"end":{"line":6,"column":492}},"type":"cond-expr","locations":[{"start":{"line":6,"column":475},"end":{"line":6,"column":487}},{"start":{"line":6,"column":490},"end":{"line":6,"column":492}}],"line":6},"3":{"loc":{"start":{"line":6,"column":493},"end":{"line":6,"column":882}},"type":"if","locations":[{"start":{"line":6,"column":493},"end":{"line":6,"column":882}},{"start":{"line":6,"column":493},"end":{"line":6,"column":882}}],"line":6},"4":{"loc":{"start":{"line":6,"column":628},"end":{"line":6,"column":882}},"type":"if","locations":[{"start":{"line":6,"column":628},"end":{"line":6,"column":882}},{"start":{"line":6,"column":628},"end":{"line":6,"column":882}}],"line":6},"5":{"loc":{"start":{"line":16,"column":41},"end":{"line":16,"column":113}},"type":"cond-expr","locations":[{"start":{"line":16,"column":94},"end":{"line":16,"column":106}},{"start":{"line":16,"column":109},"end":{"line":16,"column":113}}],"line":16},"6":{"loc":{"start":{"line":16,"column":41},"end":{"line":16,"column":91}},"type":"binary-expr","locations":[{"start":{"line":16,"column":41},"end":{"line":16,"column":61}},{"start":{"line":16,"column":65},"end":{"line":16,"column":91}}],"line":16},"7":{"loc":{"start":{"line":17,"column":237},"end":{"line":43,"column":106}},"type":"switch","locations":[{"start":{"line":17,"column":277},"end":{"line":24,"column":64}},{"start":{"line":24,"column":64},"end":{"line":33,"column":59}},{"start":{"line":33,"column":59},"end":{"line":38,"column":29}},{"start":{"line":38,"column":29},"end":{"line":43,"column":63}},{"start":{"line":43,"column":63},"end":{"line":43,"column":71}},{"start":{"line":43,"column":71},"end":{"line":43,"column":105}}],"line":17},"8":{"loc":{"start":{"line":49,"column":46},"end":{"line":49,"column":118}},"type":"cond-expr","locations":[{"start":{"line":49,"column":99},"end":{"line":49,"column":111}},{"start":{"line":49,"column":114},"end":{"line":49,"column":118}}],"line":49},"9":{"loc":{"start":{"line":49,"column":46},"end":{"line":49,"column":96}},"type":"binary-expr","locations":[{"start":{"line":49,"column":46},"end":{"line":49,"column":66}},{"start":{"line":49,"column":70},"end":{"line":49,"column":96}}],"line":49},"10":{"loc":{"start":{"line":50,"column":242},"end":{"line":81,"column":108}},"type":"switch","locations":[{"start":{"line":50,"column":284},"end":{"line":59,"column":38}},{"start":{"line":59,"column":38},"end":{"line":71,"column":59}},{"start":{"line":71,"column":59},"end":{"line":76,"column":28}},{"start":{"line":76,"column":28},"end":{"line":81,"column":64}},{"start":{"line":81,"column":64},"end":{"line":81,"column":72}},{"start":{"line":81,"column":72},"end":{"line":81,"column":107}}],"line":50}},"s":{"0":0,"1":0,"2":0,"3":0,"4":0,"5":0,"6":0,"7":0,"8":0,"9":0,"10":0,"11":0,"12":0,"13":0,"14":0,"15":0,"16":0,"17":0,"18":0,"19":0,"20":0,"21":0,"22":0,"23":0,"24":0,"25":0,"26":0,"27":0,"28":0,"29":0,"30":0,"31":0,"32":0,"33":0,"34":0,"35":0,"36":0,"37":0,"38":0,"39":0,"40":0,"41":0,"42":0,"43":0,"44":0,"45":0,"46":0,"47":0,"48":0,"49":0,"50":0,"51":0,"52":0,"53":0,"54":0,"55":0,"56":0,"57":0,"58":0,"59":0,"60":0,"61":0,"62":0,"63":0,"64":0,"65":0,"66":0,"67":0,"68":0,"69":0,"70":0,"71":0,"72":0,"73":0,"74":0,"75":0,"76":0,"77":0,"78":0,"79":0,"80":0,"81":0,"82":0,"83":0},"f":{"0":0,"1":0,"2":0,"3":0,"4":0,"5":0,"6":0,"7":0,"8":0,"9":0,"10":0,"11":0,"12":0,"13":0,"14":0,"15":0,"16":0,"17":0,"18":0},"b":{"0":[0,0],"1":[0,0],"2":[0,0],"3":[0,0],"4":[0,0],"5":[0,0],"6":[0,0],"7":[0,0,0,0,0,0],"8":[0,0],"9":[0,0],"10":[0,0,0,0,0,0]},"inputSourceMap":null}
,"D:\\projects\\react_native_blog\\src\\api\\actions\\searchActions.js": {"path":"D:\\projects\\react_native_blog\\src\\api\\actions\\searchActions.js","statementMap":{"0":{"start":{"line":1,"column":13},"end":{"line":1,"column":75}},"1":{"start":{"line":1,"column":75},"end":{"line":1,"column":125}},"2":{"start":{"line":1,"column":125},"end":{"line":1,"column":171}},"3":{"start":{"line":2,"column":13},"end":{"line":2,"column":40}},"4":{"start":{"line":5,"column":2},"end":{"line":10,"column":4}},"5":{"start":{"line":6,"column":4},"end":{"line":8,"column":22}},"6":{"start":{"line":14,"column":2},"end":{"line":19,"column":4}},"7":{"start":{"line":15,"column":4},"end":{"line":17,"column":22}}},"fnMap":{"0":{"name":"authorsUpdateSearch","decl":{"start":{"line":4,"column":9},"end":{"line":4,"column":28}},"loc":{"start":{"line":4,"column":36},"end":{"line":11,"column":1}},"line":4},"1":{"name":"(anonymous_1)","decl":{"start":{"line":5,"column":9},"end":{"line":5,"column":10}},"loc":{"start":{"line":5,"column":29},"end":{"line":10,"column":3}},"line":5},"2":{"name":"postsUpdateSearch","decl":{"start":{"line":13,"column":9},"end":{"line":13,"column":26}},"loc":{"start":{"line":13,"column":34},"end":{"line":20,"column":1}},"line":13},"3":{"name":"(anonymous_3)","decl":{"start":{"line":14,"column":9},"end":{"line":14,"column":10}},"loc":{"start":{"line":14,"column":29},"end":{"line":19,"column":3}},"line":14}},"branchMap":{},"s":{"0":0,"1":0,"2":0,"3":0,"4":0,"5":0,"6":0,"7":0},"f":{"0":0,"1":0,"2":0,"3":0},"b":{},"inputSourceMap":null}
,"D:\\projects\\react_native_blog\\src\\api\\actions\\types.js": {"path":"D:\\projects\\react_native_blog\\src\\api\\actions\\types.js","statementMap":{"0":{"start":{"line":1,"column":13},"end":{"line":1,"column":75}},"1":{"start":{"line":1,"column":75},"end":{"line":1,"column":449}},"2":{"start":{"line":3,"column":29},"end":{"line":3,"column":63}},"3":{"start":{"line":6,"column":19},"end":{"line":6,"column":41}},"4":{"start":{"line":6,"column":42},"end":{"line":6,"column":78}},"5":{"start":{"line":7,"column":20},"end":{"line":7,"column":43}},"6":{"start":{"line":7,"column":44},"end":{"line":7,"column":82}},"7":{"start":{"line":8,"column":16},"end":{"line":8,"column":35}},"8":{"start":{"line":8,"column":36},"end":{"line":8,"column":66}},"9":{"start":{"line":11,"column":21},"end":{"line":11,"column":37}},"10":{"start":{"line":11,"column":38},"end":{"line":11,"column":78}},"11":{"start":{"line":12,"column":22},"end":{"line":12,"column":39}},"12":{"start":{"line":12,"column":40},"end":{"line":12,"column":82}},"13":{"start":{"line":13,"column":18},"end":{"line":13,"column":31}},"14":{"start":{"line":13,"column":32},"end":{"line":13,"column":66}},"15":{"start":{"line":16,"column":20},"end":{"line":16,"column":40}},"16":{"start":{"line":16,"column":41},"end":{"line":16,"column":79}},"17":{"start":{"line":17,"column":21},"end":{"line":17,"column":42}},"18":{"start":{"line":17,"column":43},"end":{"line":17,"column":83}},"19":{"start":{"line":18,"column":17},"end":{"line":18,"column":34}},"20":{"start":{"line":18,"column":35},"end":{"line":18,"column":67}},"21":{"start":{"line":21,"column":19},"end":{"line":21,"column":33}},"22":{"start":{"line":21,"column":34},"end":{"line":21,"column":70}},"23":{"start":{"line":22,"column":20},"end":{"line":22,"column":35}},"24":{"start":{"line":22,"column":36},"end":{"line":22,"column":74}},"25":{"start":{"line":23,"column":16},"end":{"line":23,"column":28}},"26":{"start":{"line":23,"column":29},"end":{"line":23,"column":59}},"27":{"start":{"line":27,"column":28},"end":{"line":27,"column":51}},"28":{"start":{"line":27,"column":52},"end":{"line":27,"column":106}},"29":{"start":{"line":28,"column":26},"end":{"line":28,"column":47}},"30":{"start":{"line":28,"column":48},"end":{"line":28,"column":98}},"31":{"start":{"line":30,"column":24},"end":{"line":30,"column":43}},"32":{"start":{"line":30,"column":44},"end":{"line":30,"column":90}}},"fnMap":{},"branchMap":{},"s":{"0":0,"1":0,"2":0,"3":0,"4":0,"5":0,"6":0,"7":0,"8":0,"9":0,"10":0,"11":0,"12":0,"13":0,"14":0,"15":0,"16":0,"17":0,"18":0,"19":0,"20":0,"21":0,"22":0,"23":0,"24":0,"25":0,"26":0,"27":0,"28":0,"29":0,"30":0,"31":0,"32":0},"f":{},"b":{},"inputSourceMap":null}
,"D:\\projects\\react_native_blog\\src\\api\\state\\authorsState.js": {"path":"D:\\projects\\react_native_blog\\src\\api\\state\\authorsState.js","statementMap":{"0":{"start":{"line":1,"column":42},"end":{"line":1,"column":97}},"1":{"start":{"line":1,"column":98},"end":{"line":1,"column":160}},"2":{"start":{"line":1,"column":160},"end":{"line":1,"column":188}},"3":{"start":{"line":1,"column":211},"end":{"line":1,"column":283}},"4":{"start":{"line":2,"column":13},"end":{"line":2,"column":40}},"5":{"start":{"line":2,"column":94},"end":{"line":2,"column":113}},"6":{"start":{"line":2,"column":114},"end":{"line":2,"column":359}},"7":{"start":{"line":2,"column":163},"end":{"line":2,"column":199}},"8":{"start":{"line":2,"column":200},"end":{"line":2,"column":327}},"9":{"start":{"line":2,"column":220},"end":{"line":2,"column":327}},"10":{"start":{"line":2,"column":261},"end":{"line":2,"column":324}},"11":{"start":{"line":2,"column":327},"end":{"line":2,"column":358}},"12":{"start":{"line":2,"column":359},"end":{"line":2,"column":371}},"13":{"start":{"line":2,"column":404},"end":{"line":2,"column":892}},"14":{"start":{"line":2,"column":417},"end":{"line":2,"column":418}},"15":{"start":{"line":2,"column":461},"end":{"line":2,"column":501}},"16":{"start":{"line":2,"column":502},"end":{"line":2,"column":891}},"17":{"start":{"line":2,"column":514},"end":{"line":2,"column":630}},"18":{"start":{"line":2,"column":568},"end":{"line":2,"column":627}},"19":{"start":{"line":2,"column":637},"end":{"line":2,"column":891}},"20":{"start":{"line":2,"column":676},"end":{"line":2,"column":750}},"21":{"start":{"line":2,"column":758},"end":{"line":2,"column":890}},"22":{"start":{"line":2,"column":806},"end":{"line":2,"column":887}},"23":{"start":{"line":2,"column":892},"end":{"line":2,"column":906}},"24":{"start":{"line":15,"column":26},"end":{"line":17,"column":12}},"25":{"start":{"line":22,"column":0},"end":{"line":63,"column":1}},"26":{"start":{"line":22,"column":33},"end":{"line":22,"column":120}},"27":{"start":{"line":22,"column":134},"end":{"line":22,"column":181}},"28":{"start":{"line":23,"column":2},"end":{"line":61,"column":20}},"29":{"start":{"line":25,"column":6},"end":{"line":27,"column":39}},"30":{"start":{"line":31,"column":6},"end":{"line":33,"column":29}},"31":{"start":{"line":37,"column":6},"end":{"line":39,"column":28}},"32":{"start":{"line":43,"column":6},"end":{"line":45,"column":39}},"33":{"start":{"line":49,"column":6},"end":{"line":51,"column":33}},"34":{"start":{"line":55,"column":6},"end":{"line":57,"column":28}},"35":{"start":{"line":61,"column":6},"end":{"line":61,"column":19}},"36":{"start":{"line":63,"column":2},"end":{"line":63,"column":32}}},"fnMap":{"0":{"name":"ownKeys","decl":{"start":{"line":2,"column":50},"end":{"line":2,"column":57}},"loc":{"start":{"line":2,"column":82},"end":{"line":2,"column":372}},"line":2},"1":{"name":"(anonymous_1)","decl":{"start":{"line":2,"column":245},"end":{"line":2,"column":246}},"loc":{"start":{"line":2,"column":260},"end":{"line":2,"column":325}},"line":2},"2":{"name":"_objectSpread","decl":{"start":{"line":2,"column":381},"end":{"line":2,"column":394}},"loc":{"start":{"line":2,"column":403},"end":{"line":2,"column":907}},"line":2},"3":{"name":"(anonymous_3)","decl":{"start":{"line":2,"column":552},"end":{"line":2,"column":553}},"loc":{"start":{"line":2,"column":567},"end":{"line":2,"column":628}},"line":2},"4":{"name":"(anonymous_4)","decl":{"start":{"line":2,"column":790},"end":{"line":2,"column":791}},"loc":{"start":{"line":2,"column":805},"end":{"line":2,"column":888}},"line":2},"5":{"name":"_default","decl":{"start":{"line":22,"column":9},"end":{"line":22,"column":17}},"loc":{"start":{"line":22,"column":20},"end":{"line":63,"column":1}},"line":22}},"branchMap":{"0":{"loc":{"start":{"line":2,"column":114},"end":{"line":2,"column":359}},"type":"if","locations":[{"start":{"line":2,"column":114},"end":{"line":2,"column":359}},{"start":{"line":2,"column":114},"end":{"line":2,"column":359}}],"line":2},"1":{"loc":{"start":{"line":2,"column":200},"end":{"line":2,"column":327}},"type":"if","locations":[{"start":{"line":2,"column":200},"end":{"line":2,"column":327}},{"start":{"line":2,"column":200},"end":{"line":2,"column":327}}],"line":2},"2":{"loc":{"start":{"line":2,"column":461},"end":{"line":2,"column":501}},"type":"cond-expr","locations":[{"start":{"line":2,"column":484},"end":{"line":2,"column":496}},{"start":{"line":2,"column":499},"end":{"line":2,"column":501}}],"line":2},"3":{"loc":{"start":{"line":2,"column":502},"end":{"line":2,"column":891}},"type":"if","locations":[{"start":{"line":2,"column":502},"end":{"line":2,"column":891}},{"start":{"line":2,"column":502},"end":{"line":2,"column":891}}],"line":2},"4":{"loc":{"start":{"line":2,"column":637},"end":{"line":2,"column":891}},"type":"if","locations":[{"start":{"line":2,"column":637},"end":{"line":2,"column":891}},{"start":{"line":2,"column":637},"end":{"line":2,"column":891}}],"line":2},"5":{"loc":{"start":{"line":22,"column":33},"end":{"line":22,"column":120}},"type":"cond-expr","locations":[{"start":{"line":22,"column":86},"end":{"line":22,"column":98}},{"start":{"line":22,"column":101},"end":{"line":22,"column":120}}],"line":22},"6":{"loc":{"start":{"line":22,"column":33},"end":{"line":22,"column":83}},"type":"binary-expr","locations":[{"start":{"line":22,"column":33},"end":{"line":22,"column":53}},{"start":{"line":22,"column":57},"end":{"line":22,"column":83}}],"line":22},"7":{"loc":{"start":{"line":22,"column":134},"end":{"line":22,"column":181}},"type":"cond-expr","locations":[{"start":{"line":22,"column":157},"end":{"line":22,"column":169}},{"start":{"line":22,"column":172},"end":{"line":22,"column":181}}],"line":22},"8":{"loc":{"start":{"line":23,"column":2},"end":{"line":61,"column":20}},"type":"switch","locations":[{"start":{"line":24,"column":4},"end":{"line":27,"column":39}},{"start":{"line":30,"column":4},"end":{"line":33,"column":29}},{"start":{"line":36,"column":4},"end":{"line":39,"column":28}},{"start":{"line":42,"column":4},"end":{"line":45,"column":39}},{"start":{"line":48,"column":4},"end":{"line":51,"column":33}},{"start":{"line":54,"column":4},"end":{"line":57,"column":28}},{"start":{"line":60,"column":4},"end":{"line":61,"column":19}}],"line":23}},"s":{"0":0,"1":0,"2":0,"3":0,"4":0,"5":0,"6":0,"7":0,"8":0,"9":0,"10":0,"11":0,"12":0,"13":0,"14":0,"15":0,"16":0,"17":0,"18":0,"19":0,"20":0,"21":0,"22":0,"23":0,"24":0,"25":0,"26":0,"27":0,"28":0,"29":0,"30":0,"31":0,"32":0,"33":0,"34":0,"35":0,"36":0},"f":{"0":0,"1":0,"2":0,"3":0,"4":0,"5":0},"b":{"0":[0,0],"1":[0,0],"2":[0,0],"3":[0,0],"4":[0,0],"5":[0,0],"6":[0,0],"7":[0,0],"8":[0,0,0,0,0,0,0]},"inputSourceMap":null}
,"D:\\projects\\react_native_blog\\src\\api\\state\\index.js": {"path":"D:\\projects\\react_native_blog\\src\\api\\state\\index.js","statementMap":{"0":{"start":{"line":1,"column":42},"end":{"line":1,"column":97}},"1":{"start":{"line":1,"column":98},"end":{"line":1,"column":160}},"2":{"start":{"line":1,"column":160},"end":{"line":1,"column":188}},"3":{"start":{"line":2,"column":20},"end":{"line":2,"column":69}},"4":{"start":{"line":3,"column":18},"end":{"line":3,"column":65}},"5":{"start":{"line":4,"column":19},"end":{"line":4,"column":67}},"6":{"start":{"line":6,"column":0},"end":{"line":9,"column":35}},"7":{"start":{"line":9,"column":36},"end":{"line":9,"column":66}}},"fnMap":{},"branchMap":{},"s":{"0":0,"1":0,"2":0,"3":0,"4":0,"5":0,"6":0,"7":0},"f":{},"b":{},"inputSourceMap":null}
,"D:\\projects\\react_native_blog\\src\\api\\state\\postsState.js": {"path":"D:\\projects\\react_native_blog\\src\\api\\state\\postsState.js","statementMap":{"0":{"start":{"line":1,"column":42},"end":{"line":1,"column":97}},"1":{"start":{"line":1,"column":98},"end":{"line":1,"column":160}},"2":{"start":{"line":1,"column":160},"end":{"line":1,"column":188}},"3":{"start":{"line":1,"column":211},"end":{"line":1,"column":283}},"4":{"start":{"line":2,"column":13},"end":{"line":2,"column":40}},"5":{"start":{"line":2,"column":94},"end":{"line":2,"column":113}},"6":{"start":{"line":2,"column":114},"end":{"line":2,"column":359}},"7":{"start":{"line":2,"column":163},"end":{"line":2,"column":199}},"8":{"start":{"line":2,"column":200},"end":{"line":2,"column":327}},"9":{"start":{"line":2,"column":220},"end":{"line":2,"column":327}},"10":{"start":{"line":2,"column":261},"end":{"line":2,"column":324}},"11":{"start":{"line":2,"column":327},"end":{"line":2,"column":358}},"12":{"start":{"line":2,"column":359},"end":{"line":2,"column":371}},"13":{"start":{"line":2,"column":404},"end":{"line":2,"column":892}},"14":{"start":{"line":2,"column":417},"end":{"line":2,"column":418}},"15":{"start":{"line":2,"column":461},"end":{"line":2,"column":501}},"16":{"start":{"line":2,"column":502},"end":{"line":2,"column":891}},"17":{"start":{"line":2,"column":514},"end":{"line":2,"column":630}},"18":{"start":{"line":2,"column":568},"end":{"line":2,"column":627}},"19":{"start":{"line":2,"column":637},"end":{"line":2,"column":891}},"20":{"start":{"line":2,"column":676},"end":{"line":2,"column":750}},"21":{"start":{"line":2,"column":758},"end":{"line":2,"column":890}},"22":{"start":{"line":2,"column":806},"end":{"line":2,"column":887}},"23":{"start":{"line":2,"column":892},"end":{"line":2,"column":906}},"24":{"start":{"line":15,"column":24},"end":{"line":18,"column":12}},"25":{"start":{"line":22,"column":0},"end":{"line":69,"column":1}},"26":{"start":{"line":22,"column":33},"end":{"line":22,"column":118}},"27":{"start":{"line":22,"column":132},"end":{"line":22,"column":179}},"28":{"start":{"line":23,"column":2},"end":{"line":67,"column":20}},"29":{"start":{"line":25,"column":6},"end":{"line":27,"column":44}},"30":{"start":{"line":31,"column":6},"end":{"line":33,"column":31}},"31":{"start":{"line":37,"column":6},"end":{"line":39,"column":33}},"32":{"start":{"line":43,"column":6},"end":{"line":45,"column":44}},"33":{"start":{"line":49,"column":6},"end":{"line":51,"column":29}},"34":{"start":{"line":55,"column":6},"end":{"line":57,"column":33}},"35":{"start":{"line":61,"column":6},"end":{"line":63,"column":83}},"36":{"start":{"line":63,"column":47},"end":{"line":63,"column":77}},"37":{"start":{"line":67,"column":6},"end":{"line":67,"column":19}},"38":{"start":{"line":69,"column":2},"end":{"line":69,"column":32}}},"fnMap":{"0":{"name":"ownKeys","decl":{"start":{"line":2,"column":50},"end":{"line":2,"column":57}},"loc":{"start":{"line":2,"column":82},"end":{"line":2,"column":372}},"line":2},"1":{"name":"(anonymous_1)","decl":{"start":{"line":2,"column":245},"end":{"line":2,"column":246}},"loc":{"start":{"line":2,"column":260},"end":{"line":2,"column":325}},"line":2},"2":{"name":"_objectSpread","decl":{"start":{"line":2,"column":381},"end":{"line":2,"column":394}},"loc":{"start":{"line":2,"column":403},"end":{"line":2,"column":907}},"line":2},"3":{"name":"(anonymous_3)","decl":{"start":{"line":2,"column":552},"end":{"line":2,"column":553}},"loc":{"start":{"line":2,"column":567},"end":{"line":2,"column":628}},"line":2},"4":{"name":"(anonymous_4)","decl":{"start":{"line":2,"column":790},"end":{"line":2,"column":791}},"loc":{"start":{"line":2,"column":805},"end":{"line":2,"column":888}},"line":2},"5":{"name":"_default","decl":{"start":{"line":22,"column":9},"end":{"line":22,"column":17}},"loc":{"start":{"line":22,"column":20},"end":{"line":69,"column":1}},"line":22},"6":{"name":"(anonymous_6)","decl":{"start":{"line":63,"column":33},"end":{"line":63,"column":34}},"loc":{"start":{"line":63,"column":46},"end":{"line":63,"column":78}},"line":63}},"branchMap":{"0":{"loc":{"start":{"line":2,"column":114},"end":{"line":2,"column":359}},"type":"if","locations":[{"start":{"line":2,"column":114},"end":{"line":2,"column":359}},{"start":{"line":2,"column":114},"end":{"line":2,"column":359}}],"line":2},"1":{"loc":{"start":{"line":2,"column":200},"end":{"line":2,"column":327}},"type":"if","locations":[{"start":{"line":2,"column":200},"end":{"line":2,"column":327}},{"start":{"line":2,"column":200},"end":{"line":2,"column":327}}],"line":2},"2":{"loc":{"start":{"line":2,"column":461},"end":{"line":2,"column":501}},"type":"cond-expr","locations":[{"start":{"line":2,"column":484},"end":{"line":2,"column":496}},{"start":{"line":2,"column":499},"end":{"line":2,"column":501}}],"line":2},"3":{"loc":{"start":{"line":2,"column":502},"end":{"line":2,"column":891}},"type":"if","locations":[{"start":{"line":2,"column":502},"end":{"line":2,"column":891}},{"start":{"line":2,"column":502},"end":{"line":2,"column":891}}],"line":2},"4":{"loc":{"start":{"line":2,"column":637},"end":{"line":2,"column":891}},"type":"if","locations":[{"start":{"line":2,"column":637},"end":{"line":2,"column":891}},{"start":{"line":2,"column":637},"end":{"line":2,"column":891}}],"line":2},"5":{"loc":{"start":{"line":22,"column":33},"end":{"line":22,"column":118}},"type":"cond-expr","locations":[{"start":{"line":22,"column":86},"end":{"line":22,"column":98}},{"start":{"line":22,"column":101},"end":{"line":22,"column":118}}],"line":22},"6":{"loc":{"start":{"line":22,"column":33},"end":{"line":22,"column":83}},"type":"binary-expr","locations":[{"start":{"line":22,"column":33},"end":{"line":22,"column":53}},{"start":{"line":22,"column":57},"end":{"line":22,"column":83}}],"line":22},"7":{"loc":{"start":{"line":22,"column":132},"end":{"line":22,"column":179}},"type":"cond-expr","locations":[{"start":{"line":22,"column":155},"end":{"line":22,"column":167}},{"start":{"line":22,"column":170},"end":{"line":22,"column":179}}],"line":22},"8":{"loc":{"start":{"line":23,"column":2},"end":{"line":67,"column":20}},"type":"switch","locations":[{"start":{"line":24,"column":4},"end":{"line":27,"column":44}},{"start":{"line":30,"column":4},"end":{"line":33,"column":31}},{"start":{"line":36,"column":4},"end":{"line":39,"column":33}},{"start":{"line":42,"column":4},"end":{"line":45,"column":44}},{"start":{"line":48,"column":4},"end":{"line":51,"column":29}},{"start":{"line":54,"column":4},"end":{"line":57,"column":33}},{"start":{"line":60,"column":4},"end":{"line":63,"column":83}},{"start":{"line":66,"column":4},"end":{"line":67,"column":19}}],"line":23}},"s":{"0":0,"1":0,"2":0,"3":0,"4":0,"5":0,"6":0,"7":0,"8":0,"9":0,"10":0,"11":0,"12":0,"13":0,"14":0,"15":0,"16":0,"17":0,"18":0,"19":0,"20":0,"21":0,"22":0,"23":0,"24":0,"25":0,"26":0,"27":0,"28":0,"29":0,"30":0,"31":0,"32":0,"33":0,"34":0,"35":0,"36":0,"37":0,"38":0},"f":{"0":0,"1":0,"2":0,"3":0,"4":0,"5":0,"6":0},"b":{"0":[0,0],"1":[0,0],"2":[0,0],"3":[0,0],"4":[0,0],"5":[0,0],"6":[0,0],"7":[0,0],"8":[0,0,0,0,0,0,0,0]},"inputSourceMap":null}
,"D:\\projects\\react_native_blog\\src\\api\\state\\searchState.js": {"path":"D:\\projects\\react_native_blog\\src\\api\\state\\searchState.js","statementMap":{"0":{"start":{"line":1,"column":42},"end":{"line":1,"column":97}},"1":{"start":{"line":1,"column":98},"end":{"line":1,"column":160}},"2":{"start":{"line":1,"column":160},"end":{"line":1,"column":188}},"3":{"start":{"line":1,"column":211},"end":{"line":1,"column":283}},"4":{"start":{"line":2,"column":13},"end":{"line":2,"column":40}},"5":{"start":{"line":2,"column":94},"end":{"line":2,"column":113}},"6":{"start":{"line":2,"column":114},"end":{"line":2,"column":359}},"7":{"start":{"line":2,"column":163},"end":{"line":2,"column":199}},"8":{"start":{"line":2,"column":200},"end":{"line":2,"column":327}},"9":{"start":{"line":2,"column":220},"end":{"line":2,"column":327}},"10":{"start":{"line":2,"column":261},"end":{"line":2,"column":324}},"11":{"start":{"line":2,"column":327},"end":{"line":2,"column":358}},"12":{"start":{"line":2,"column":359},"end":{"line":2,"column":371}},"13":{"start":{"line":2,"column":404},"end":{"line":2,"column":892}},"14":{"start":{"line":2,"column":417},"end":{"line":2,"column":418}},"15":{"start":{"line":2,"column":461},"end":{"line":2,"column":501}},"16":{"start":{"line":2,"column":502},"end":{"line":2,"column":891}},"17":{"start":{"line":2,"column":514},"end":{"line":2,"column":630}},"18":{"start":{"line":2,"column":568},"end":{"line":2,"column":627}},"19":{"start":{"line":2,"column":637},"end":{"line":2,"column":891}},"20":{"start":{"line":2,"column":676},"end":{"line":2,"column":750}},"21":{"start":{"line":2,"column":758},"end":{"line":2,"column":890}},"22":{"start":{"line":2,"column":806},"end":{"line":2,"column":887}},"23":{"start":{"line":2,"column":892},"end":{"line":2,"column":906}},"24":{"start":{"line":7,"column":25},"end":{"line":9,"column":13}},"25":{"start":{"line":13,"column":0},"end":{"line":30,"column":1}},"26":{"start":{"line":13,"column":33},"end":{"line":13,"column":119}},"27":{"start":{"line":13,"column":133},"end":{"line":13,"column":180}},"28":{"start":{"line":14,"column":2},"end":{"line":28,"column":20}},"29":{"start":{"line":16,"column":6},"end":{"line":18,"column":33}},"30":{"start":{"line":22,"column":6},"end":{"line":24,"column":31}},"31":{"start":{"line":28,"column":6},"end":{"line":28,"column":19}},"32":{"start":{"line":30,"column":2},"end":{"line":30,"column":32}}},"fnMap":{"0":{"name":"ownKeys","decl":{"start":{"line":2,"column":50},"end":{"line":2,"column":57}},"loc":{"start":{"line":2,"column":82},"end":{"line":2,"column":372}},"line":2},"1":{"name":"(anonymous_1)","decl":{"start":{"line":2,"column":245},"end":{"line":2,"column":246}},"loc":{"start":{"line":2,"column":260},"end":{"line":2,"column":325}},"line":2},"2":{"name":"_objectSpread","decl":{"start":{"line":2,"column":381},"end":{"line":2,"column":394}},"loc":{"start":{"line":2,"column":403},"end":{"line":2,"column":907}},"line":2},"3":{"name":"(anonymous_3)","decl":{"start":{"line":2,"column":552},"end":{"line":2,"column":553}},"loc":{"start":{"line":2,"column":567},"end":{"line":2,"column":628}},"line":2},"4":{"name":"(anonymous_4)","decl":{"start":{"line":2,"column":790},"end":{"line":2,"column":791}},"loc":{"start":{"line":2,"column":805},"end":{"line":2,"column":888}},"line":2},"5":{"name":"_default","decl":{"start":{"line":13,"column":9},"end":{"line":13,"column":17}},"loc":{"start":{"line":13,"column":20},"end":{"line":30,"column":1}},"line":13}},"branchMap":{"0":{"loc":{"start":{"line":2,"column":114},"end":{"line":2,"column":359}},"type":"if","locations":[{"start":{"line":2,"column":114},"end":{"line":2,"column":359}},{"start":{"line":2,"column":114},"end":{"line":2,"column":359}}],"line":2},"1":{"loc":{"start":{"line":2,"column":200},"end":{"line":2,"column":327}},"type":"if","locations":[{"start":{"line":2,"column":200},"end":{"line":2,"column":327}},{"start":{"line":2,"column":200},"end":{"line":2,"column":327}}],"line":2},"2":{"loc":{"start":{"line":2,"column":461},"end":{"line":2,"column":501}},"type":"cond-expr","locations":[{"start":{"line":2,"column":484},"end":{"line":2,"column":496}},{"start":{"line":2,"column":499},"end":{"line":2,"column":501}}],"line":2},"3":{"loc":{"start":{"line":2,"column":502},"end":{"line":2,"column":891}},"type":"if","locations":[{"start":{"line":2,"column":502},"end":{"line":2,"column":891}},{"start":{"line":2,"column":502},"end":{"line":2,"column":891}}],"line":2},"4":{"loc":{"start":{"line":2,"column":637},"end":{"line":2,"column":891}},"type":"if","locations":[{"start":{"line":2,"column":637},"end":{"line":2,"column":891}},{"start":{"line":2,"column":637},"end":{"line":2,"column":891}}],"line":2},"5":{"loc":{"start":{"line":13,"column":33},"end":{"line":13,"column":119}},"type":"cond-expr","locations":[{"start":{"line":13,"column":86},"end":{"line":13,"column":98}},{"start":{"line":13,"column":101},"end":{"line":13,"column":119}}],"line":13},"6":{"loc":{"start":{"line":13,"column":33},"end":{"line":13,"column":83}},"type":"binary-expr","locations":[{"start":{"line":13,"column":33},"end":{"line":13,"column":53}},{"start":{"line":13,"column":57},"end":{"line":13,"column":83}}],"line":13},"7":{"loc":{"start":{"line":13,"column":133},"end":{"line":13,"column":180}},"type":"cond-expr","locations":[{"start":{"line":13,"column":156},"end":{"line":13,"column":168}},{"start":{"line":13,"column":171},"end":{"line":13,"column":180}}],"line":13},"8":{"loc":{"start":{"line":14,"column":2},"end":{"line":28,"column":20}},"type":"switch","locations":[{"start":{"line":15,"column":4},"end":{"line":18,"column":33}},{"start":{"line":21,"column":4},"end":{"line":24,"column":31}},{"start":{"line":27,"column":4},"end":{"line":28,"column":19}}],"line":14}},"s":{"0":0,"1":0,"2":0,"3":0,"4":0,"5":0,"6":0,"7":0,"8":0,"9":0,"10":0,"11":0,"12":0,"13":0,"14":0,"15":0,"16":0,"17":0,"18":0,"19":0,"20":0,"21":0,"22":0,"23":0,"24":0,"25":0,"26":0,"27":0,"28":0,"29":0,"30":0,"31":0,"32":0},"f":{"0":0,"1":0,"2":0,"3":0,"4":0,"5":0},"b":{"0":[0,0],"1":[0,0],"2":[0,0],"3":[0,0],"4":[0,0],"5":[0,0],"6":[0,0],"7":[0,0],"8":[0,0,0]},"inputSourceMap":null}
,"D:\\projects\\react_native_blog\\src\\config\\env.js": {"path":"D:\\projects\\react_native_blog\\src\\config\\env.js","statementMap":{"0":{"start":{"line":1,"column":13},"end":{"line":1,"column":75}},"1":{"start":{"line":1,"column":75},"end":{"line":1,"column":118}},"2":{"start":{"line":2,"column":14},"end":{"line":2,"column":27}},"3":{"start":{"line":2,"column":28},"end":{"line":2,"column":54}},"4":{"start":{"line":3,"column":14},"end":{"line":3,"column":52}},"5":{"start":{"line":3,"column":53},"end":{"line":3,"column":79}}},"fnMap":{},"branchMap":{},"s":{"0":0,"1":0,"2":0,"3":0,"4":0,"5":0},"f":{},"b":{},"inputSourceMap":null}
,"D:\\projects\\react_native_blog\\src\\config\\words.js": {"path":"D:\\projects\\react_native_blog\\src\\config\\words.js","statementMap":{"0":{"start":{"line":1,"column":13},"end":{"line":1,"column":75}},"1":{"start":{"line":1,"column":75},"end":{"line":1,"column":103}},"2":{"start":{"line":1,"column":118},"end":{"line":6,"column":23}},"3":{"start":{"line":6,"column":24},"end":{"line":6,"column":54}}},"fnMap":{},"branchMap":{},"s":{"0":0,"1":0,"2":0,"3":0},"f":{},"b":{},"inputSourceMap":null}
,"D:\\projects\\react_native_blog\\src\\helpers\\utils.js": {"path":"D:\\projects\\react_native_blog\\src\\helpers\\utils.js","statementMap":{"0":{"start":{"line":1,"column":13},"end":{"line":1,"column":75}},"1":{"start":{"line":1,"column":75},"end":{"line":1,"column":121}},"2":{"start":{"line":1,"column":121},"end":{"line":1,"column":163}},"3":{"start":{"line":1,"column":163},"end":{"line":1,"column":195}},"4":{"start":{"line":2,"column":2},"end":{"line":5,"column":9}},"5":{"start":{"line":3,"column":4},"end":{"line":3,"column":38}},"6":{"start":{"line":4,"column":4},"end":{"line":4,"column":18}},"7":{"start":{"line":9,"column":2},"end":{"line":13,"column":9}},"8":{"start":{"line":10,"column":4},"end":{"line":10,"column":38}},"9":{"start":{"line":10,"column":28},"end":{"line":10,"column":38}},"10":{"start":{"line":11,"column":4},"end":{"line":11,"column":22}},"11":{"start":{"line":12,"column":4},"end":{"line":12,"column":18}},"12":{"start":{"line":17,"column":2},"end":{"line":17,"column":50}}},"fnMap":{"0":{"name":"getRoutesForStack","decl":{"start":{"line":1,"column":204},"end":{"line":1,"column":221}},"loc":{"start":{"line":1,"column":230},"end":{"line":6,"column":1}},"line":1},"1":{"name":"(anonymous_1)","decl":{"start":{"line":2,"column":38},"end":{"line":2,"column":39}},"loc":{"start":{"line":2,"column":63},"end":{"line":5,"column":3}},"line":2},"2":{"name":"getFirstLetters","decl":{"start":{"line":8,"column":9},"end":{"line":8,"column":24}},"loc":{"start":{"line":8,"column":31},"end":{"line":14,"column":1}},"line":8},"3":{"name":"(anonymous_3)","decl":{"start":{"line":9,"column":32},"end":{"line":9,"column":33}},"loc":{"start":{"line":9,"column":56},"end":{"line":13,"column":3}},"line":9},"4":{"name":"postsCount","decl":{"start":{"line":16,"column":9},"end":{"line":16,"column":19}},"loc":{"start":{"line":16,"column":27},"end":{"line":18,"column":1}},"line":16}},"branchMap":{"0":{"loc":{"start":{"line":10,"column":4},"end":{"line":10,"column":38}},"type":"if","locations":[{"start":{"line":10,"column":4},"end":{"line":10,"column":38}},{"start":{"line":10,"column":4},"end":{"line":10,"column":38}}],"line":10},"1":{"loc":{"start":{"line":17,"column":28},"end":{"line":17,"column":48}},"type":"cond-expr","locations":[{"start":{"line":17,"column":40},"end":{"line":17,"column":43}},{"start":{"line":17,"column":46},"end":{"line":17,"column":48}}],"line":17}},"s":{"0":0,"1":0,"2":0,"3":0,"4":0,"5":0,"6":0,"7":0,"8":0,"9":0,"10":0,"11":0,"12":0},"f":{"0":0,"1":0,"2":0,"3":0,"4":0},"b":{"0":[0,0],"1":[0,0]},"inputSourceMap":null}
,"D:\\projects\\react_native_blog\\src\\modules\\authors\\AuthorsItem\\index.js": {"path":"D:\\projects\\react_native_blog\\src\\modules\\authors\\AuthorsItem\\index.js","statementMap":{"0":{"start":{"line":1,"column":42},"end":{"line":1,"column":97}},"1":{"start":{"line":1,"column":98},"end":{"line":1,"column":160}},"2":{"start":{"line":1,"column":160},"end":{"line":1,"column":188}},"3":{"start":{"line":1,"column":211},"end":{"line":1,"column":283}},"4":{"start":{"line":2,"column":13},"end":{"line":2,"column":53}},"5":{"start":{"line":3,"column":17},"end":{"line":3,"column":62}},"6":{"start":{"line":4,"column":19},"end":{"line":4,"column":42}},"7":{"start":{"line":5,"column":27},"end":{"line":5,"column":59}},"8":{"start":{"line":8,"column":18},"end":{"line":8,"column":51}},"9":{"start":{"line":9,"column":14},"end":{"line":9,"column":43}},"10":{"start":{"line":10,"column":14},"end":{"line":10,"column":57}},"11":{"start":{"line":13,"column":13},"end":{"line":13,"column":46}},"12":{"start":{"line":13,"column":59},"end":{"line":13,"column":63}},"13":{"start":{"line":13,"column":79},"end":{"line":13,"column":158}},"14":{"start":{"line":16,"column":18},"end":{"line":39,"column":1}},"15":{"start":{"line":16,"column":247},"end":{"line":16,"column":260}},"16":{"start":{"line":16,"column":273},"end":{"line":16,"column":282}},"17":{"start":{"line":16,"column":288},"end":{"line":16,"column":300}},"18":{"start":{"line":16,"column":308},"end":{"line":16,"column":322}},"19":{"start":{"line":16,"column":331},"end":{"line":16,"column":346}},"20":{"start":{"line":16,"column":361},"end":{"line":16,"column":377}},"21":{"start":{"line":17,"column":2},"end":{"line":35,"column":479}},"22":{"start":{"line":42,"column":0},"end":{"line":45,"column":57}},"23":{"start":{"line":48,"column":0},"end":{"line":48,"column":11}},"24":{"start":{"line":48,"column":12},"end":{"line":48,"column":42}}},"fnMap":{"0":{"name":"AuthorsItem","decl":{"start":{"line":16,"column":27},"end":{"line":16,"column":38}},"loc":{"start":{"line":16,"column":45},"end":{"line":39,"column":1}},"line":16}},"branchMap":{},"s":{"0":0,"1":0,"2":0,"3":0,"4":0,"5":0,"6":0,"7":0,"8":0,"9":0,"10":0,"11":0,"12":0,"13":0,"14":0,"15":0,"16":0,"17":0,"18":0,"19":0,"20":0,"21":0,"22":0,"23":0,"24":0},"f":{"0":0},"b":{},"inputSourceMap":null}
,"D:\\projects\\react_native_blog\\src\\modules\\authors\\AuthorsItem\\styles.js": {"path":"D:\\projects\\react_native_blog\\src\\modules\\authors\\AuthorsItem\\styles.js","statementMap":{"0":{"start":{"line":1,"column":13},"end":{"line":1,"column":75}},"1":{"start":{"line":1,"column":75},"end":{"line":1,"column":103}},"2":{"start":{"line":2,"column":18},"end":{"line":2,"column":51}},"3":{"start":{"line":3,"column":14},"end":{"line":3,"column":43}},"4":{"start":{"line":10,"column":0},"end":{"line":27,"column":77}},"5":{"start":{"line":27,"column":78},"end":{"line":27,"column":108}}},"fnMap":{},"branchMap":{},"s":{"0":0,"1":0,"2":0,"3":0,"4":0,"5":0},"f":{},"b":{},"inputSourceMap":null}
,"D:\\projects\\react_native_blog\\src\\modules\\authors\\AuthorsList\\index.js": {"path":"D:\\projects\\react_native_blog\\src\\modules\\authors\\AuthorsList\\index.js","statementMap":{"0":{"start":{"line":1,"column":42},"end":{"line":1,"column":97}},"1":{"start":{"line":1,"column":128},"end":{"line":1,"column":184}},"2":{"start":{"line":1,"column":185},"end":{"line":1,"column":247}},"3":{"start":{"line":1,"column":247},"end":{"line":1,"column":275}},"4":{"start":{"line":1,"column":298},"end":{"line":1,"column":370}},"5":{"start":{"line":2,"column":13},"end":{"line":2,"column":54}},"6":{"start":{"line":3,"column":18},"end":{"line":3,"column":40}},"7":{"start":{"line":4,"column":19},"end":{"line":4,"column":42}},"8":{"start":{"line":7,"column":14},"end":{"line":7,"column":57}},"9":{"start":{"line":10,"column":12},"end":{"line":10,"column":64}},"10":{"start":{"line":11,"column":19},"end":{"line":11,"column":68}},"11":{"start":{"line":12,"column":20},"end":{"line":12,"column":80}},"12":{"start":{"line":13,"column":13},"end":{"line":13,"column":66}},"13":{"start":{"line":14,"column":21},"end":{"line":14,"column":66}},"14":{"start":{"line":15,"column":20},"end":{"line":15,"column":64}},"15":{"start":{"line":16,"column":21},"end":{"line":16,"column":66}},"16":{"start":{"line":17,"column":17},"end":{"line":17,"column":46}},"17":{"start":{"line":18,"column":13},"end":{"line":18,"column":69}},"18":{"start":{"line":19,"column":13},"end":{"line":19,"column":69}},"19":{"start":{"line":19,"column":82},"end":{"line":19,"column":86}},"20":{"start":{"line":19,"column":102},"end":{"line":19,"column":181}},"21":{"start":{"line":21,"column":18},"end":{"line":81,"column":1}},"22":{"start":{"line":21,"column":180},"end":{"line":21,"column":195}},"23":{"start":{"line":22,"column":2},"end":{"line":22,"column":72}},"24":{"start":{"line":22,"column":49},"end":{"line":22,"column":70}},"25":{"start":{"line":22,"column":85},"end":{"line":22,"column":107}},"26":{"start":{"line":23,"column":2},"end":{"line":23,"column":70}},"27":{"start":{"line":23,"column":49},"end":{"line":23,"column":68}},"28":{"start":{"line":23,"column":79},"end":{"line":23,"column":98}},"29":{"start":{"line":24,"column":16},"end":{"line":24,"column":72}},"30":{"start":{"line":25,"column":17},"end":{"line":25,"column":47}},"31":{"start":{"line":28,"column":2},"end":{"line":30,"column":9}},"32":{"start":{"line":29,"column":4},"end":{"line":29,"column":14}},"33":{"start":{"line":33,"column":16},"end":{"line":36,"column":3}},"34":{"start":{"line":34,"column":4},"end":{"line":34,"column":51}},"35":{"start":{"line":35,"column":4},"end":{"line":35,"column":48}},"36":{"start":{"line":39,"column":17},"end":{"line":44,"column":7}},"37":{"start":{"line":39,"column":52},"end":{"line":39,"column":60}},"38":{"start":{"line":39,"column":68},"end":{"line":39,"column":78}},"39":{"start":{"line":39,"column":79},"end":{"line":44,"column":6}},"40":{"start":{"line":40,"column":6},"end":{"line":42,"column":22}},"41":{"start":{"line":47,"column":26},"end":{"line":49,"column":3}},"42":{"start":{"line":48,"column":4},"end":{"line":48,"column":62}},"43":{"start":{"line":52,"column":23},"end":{"line":54,"column":3}},"44":{"start":{"line":53,"column":4},"end":{"line":53,"column":71}},"45":{"start":{"line":53,"column":38},"end":{"line":53,"column":61}},"46":{"start":{"line":56,"column":2},"end":{"line":76,"column":351}},"47":{"start":{"line":62,"column":49},"end":{"line":62,"column":75}},"48":{"start":{"line":63,"column":83},"end":{"line":63,"column":93}},"49":{"start":{"line":63,"column":94},"end":{"line":67,"column":371}},"50":{"start":{"line":73,"column":83},"end":{"line":74,"column":456}},"51":{"start":{"line":83,"column":0},"end":{"line":83,"column":11}},"52":{"start":{"line":83,"column":12},"end":{"line":83,"column":42}}},"fnMap":{"0":{"name":"AuthorsList","decl":{"start":{"line":21,"column":27},"end":{"line":21,"column":38}},"loc":{"start":{"line":21,"column":45},"end":{"line":81,"column":1}},"line":21},"1":{"name":"(anonymous_1)","decl":{"start":{"line":22,"column":31},"end":{"line":22,"column":32}},"loc":{"start":{"line":22,"column":48},"end":{"line":22,"column":71}},"line":22},"2":{"name":"(anonymous_2)","decl":{"start":{"line":23,"column":31},"end":{"line":23,"column":32}},"loc":{"start":{"line":23,"column":48},"end":{"line":23,"column":69}},"line":23},"3":{"name":"(anonymous_3)","decl":{"start":{"line":28,"column":24},"end":{"line":28,"column":25}},"loc":{"start":{"line":28,"column":36},"end":{"line":30,"column":3}},"line":28},"4":{"name":"refresh","decl":{"start":{"line":33,"column":25},"end":{"line":33,"column":32}},"loc":{"start":{"line":33,"column":35},"end":{"line":36,"column":3}},"line":33},"5":{"name":"onSelect","decl":{"start":{"line":39,"column":26},"end":{"line":39,"column":34}},"loc":{"start":{"line":39,"column":42},"end":{"line":44,"column":7}},"line":39},"6":{"name":"(anonymous_6)","decl":{"start":{"line":39,"column":86},"end":{"line":39,"column":87}},"loc":{"start":{"line":39,"column":98},"end":{"line":44,"column":5}},"line":39},"7":{"name":"onChangeInputText","decl":{"start":{"line":47,"column":35},"end":{"line":47,"column":52}},"loc":{"start":{"line":47,"column":61},"end":{"line":49,"column":3}},"line":47},"8":{"name":"getPostsAmount","decl":{"start":{"line":52,"column":32},"end":{"line":52,"column":46}},"loc":{"start":{"line":52,"column":51},"end":{"line":54,"column":3}},"line":52},"9":{"name":"(anonymous_9)","decl":{"start":{"line":53,"column":24},"end":{"line":53,"column":25}},"loc":{"start":{"line":53,"column":37},"end":{"line":53,"column":62}},"line":53},"10":{"name":"keyExtractor","decl":{"start":{"line":62,"column":29},"end":{"line":62,"column":41}},"loc":{"start":{"line":62,"column":48},"end":{"line":62,"column":76}},"line":62},"11":{"name":"renderItem","decl":{"start":{"line":63,"column":27},"end":{"line":63,"column":37}},"loc":{"start":{"line":63,"column":45},"end":{"line":67,"column":372}},"line":63},"12":{"name":"ListEmptyComponent","decl":{"start":{"line":73,"column":35},"end":{"line":73,"column":53}},"loc":{"start":{"line":73,"column":56},"end":{"line":74,"column":457}},"line":73}},"branchMap":{},"s":{"0":0,"1":0,"2":0,"3":0,"4":0,"5":0,"6":0,"7":0,"8":0,"9":0,"10":0,"11":0,"12":0,"13":0,"14":0,"15":0,"16":0,"17":0,"18":0,"19":0,"20":0,"21":0,"22":0,"23":0,"24":0,"25":0,"26":0,"27":0,"28":0,"29":0,"30":0,"31":0,"32":0,"33":0,"34":0,"35":0,"36":0,"37":0,"38":0,"39":0,"40":0,"41":0,"42":0,"43":0,"44":0,"45":0,"46":0,"47":0,"48":0,"49":0,"50":0,"51":0,"52":0},"f":{"0":0,"1":0,"2":0,"3":0,"4":0,"5":0,"6":0,"7":0,"8":0,"9":0,"10":0,"11":0,"12":0},"b":{},"inputSourceMap":null}
,"D:\\projects\\react_native_blog\\src\\modules\\authors\\AuthorsList\\styles.js": {"path":"D:\\projects\\react_native_blog\\src\\modules\\authors\\AuthorsList\\styles.js","statementMap":{"0":{"start":{"line":1,"column":13},"end":{"line":1,"column":75}},"1":{"start":{"line":1,"column":75},"end":{"line":1,"column":103}},"2":{"start":{"line":2,"column":19},"end":{"line":2,"column":42}},"3":{"start":{"line":5,"column":0},"end":{"line":7,"column":16}},"4":{"start":{"line":7,"column":17},"end":{"line":7,"column":47}}},"fnMap":{},"branchMap":{},"s":{"0":0,"1":0,"2":0,"3":0,"4":0},"f":{},"b":{},"inputSourceMap":null}
,"D:\\projects\\react_native_blog\\src\\modules\\common\\Body\\index.js": {"path":"D:\\projects\\react_native_blog\\src\\modules\\common\\Body\\index.js","statementMap":{"0":{"start":{"line":1,"column":42},"end":{"line":1,"column":97}},"1":{"start":{"line":1,"column":98},"end":{"line":1,"column":160}},"2":{"start":{"line":1,"column":160},"end":{"line":1,"column":188}},"3":{"start":{"line":1,"column":211},"end":{"line":1,"column":283}},"4":{"start":{"line":2,"column":13},"end":{"line":2,"column":53}},"5":{"start":{"line":3,"column":19},"end":{"line":3,"column":42}},"6":{"start":{"line":4,"column":34},"end":{"line":4,"column":75}},"7":{"start":{"line":7,"column":14},"end":{"line":7,"column":57}},"8":{"start":{"line":7,"column":70},"end":{"line":7,"column":74}},"9":{"start":{"line":7,"column":90},"end":{"line":7,"column":161}},"10":{"start":{"line":9,"column":11},"end":{"line":19,"column":1}},"11":{"start":{"line":9,"column":141},"end":{"line":9,"column":154}},"12":{"start":{"line":10,"column":2},"end":{"line":14,"column":446}},"13":{"start":{"line":21,"column":0},"end":{"line":21,"column":4}},"14":{"start":{"line":21,"column":5},"end":{"line":21,"column":35}}},"fnMap":{"0":{"name":"Body","decl":{"start":{"line":9,"column":20},"end":{"line":9,"column":24}},"loc":{"start":{"line":9,"column":31},"end":{"line":19,"column":1}},"line":9}},"branchMap":{},"s":{"0":0,"1":0,"2":0,"3":0,"4":0,"5":0,"6":0,"7":0,"8":0,"9":0,"10":0,"11":0,"12":0,"13":0,"14":0},"f":{"0":0},"b":{},"inputSourceMap":null}
,"D:\\projects\\react_native_blog\\src\\modules\\common\\Body\\styles.js": {"path":"D:\\projects\\react_native_blog\\src\\modules\\common\\Body\\styles.js","statementMap":{"0":{"start":{"line":1,"column":13},"end":{"line":1,"column":75}},"1":{"start":{"line":1,"column":75},"end":{"line":1,"column":103}},"2":{"start":{"line":2,"column":19},"end":{"line":2,"column":42}},"3":{"start":{"line":5,"column":14},"end":{"line":5,"column":43}},"4":{"start":{"line":7,"column":0},"end":{"line":22,"column":39}},"5":{"start":{"line":22,"column":40},"end":{"line":22,"column":70}}},"fnMap":{},"branchMap":{},"s":{"0":0,"1":0,"2":0,"3":0,"4":0,"5":0},"f":{},"b":{},"inputSourceMap":null}
,"D:\\projects\\react_native_blog\\src\\modules\\common\\EmptyMessage\\index.js": {"path":"D:\\projects\\react_native_blog\\src\\modules\\common\\EmptyMessage\\index.js","statementMap":{"0":{"start":{"line":1,"column":42},"end":{"line":1,"column":97}},"1":{"start":{"line":1,"column":98},"end":{"line":1,"column":160}},"2":{"start":{"line":1,"column":160},"end":{"line":1,"column":188}},"3":{"start":{"line":1,"column":211},"end":{"line":1,"column":283}},"4":{"start":{"line":2,"column":13},"end":{"line":2,"column":53}},"5":{"start":{"line":3,"column":17},"end":{"line":3,"column":62}},"6":{"start":{"line":4,"column":19},"end":{"line":4,"column":42}},"7":{"start":{"line":7,"column":14},"end":{"line":7,"column":57}},"8":{"start":{"line":7,"column":70},"end":{"line":7,"column":74}},"9":{"start":{"line":7,"column":90},"end":{"line":7,"column":169}},"10":{"start":{"line":9,"column":19},"end":{"line":11,"column":440}},"11":{"start":{"line":9,"column":110},"end":{"line":9,"column":122}},"12":{"start":{"line":9,"column":123},"end":{"line":11,"column":439}},"13":{"start":{"line":16,"column":0},"end":{"line":17,"column":53}},"14":{"start":{"line":20,"column":0},"end":{"line":20,"column":12}},"15":{"start":{"line":20,"column":13},"end":{"line":20,"column":43}}},"fnMap":{"0":{"name":"EmptyMessage","decl":{"start":{"line":9,"column":28},"end":{"line":9,"column":40}},"loc":{"start":{"line":9,"column":47},"end":{"line":11,"column":440}},"line":9}},"branchMap":{},"s":{"0":0,"1":0,"2":0,"3":0,"4":0,"5":0,"6":0,"7":0,"8":0,"9":0,"10":0,"11":0,"12":0,"13":0,"14":0,"15":0},"f":{"0":0},"b":{},"inputSourceMap":null}
,"D:\\projects\\react_native_blog\\src\\modules\\common\\EmptyMessage\\styles.js": {"path":"D:\\projects\\react_native_blog\\src\\modules\\common\\EmptyMessage\\styles.js","statementMap":{"0":{"start":{"line":1,"column":13},"end":{"line":1,"column":75}},"1":{"start":{"line":1,"column":75},"end":{"line":1,"column":103}},"2":{"start":{"line":2,"column":19},"end":{"line":2,"column":42}},"3":{"start":{"line":5,"column":18},"end":{"line":5,"column":51}},"4":{"start":{"line":6,"column":14},"end":{"line":6,"column":43}},"5":{"start":{"line":8,"column":0},"end":{"line":19,"column":28}},"6":{"start":{"line":19,"column":29},"end":{"line":19,"column":59}}},"fnMap":{},"branchMap":{},"s":{"0":0,"1":0,"2":0,"3":0,"4":0,"5":0,"6":0},"f":{},"b":{},"inputSourceMap":null}
[...]
,"D:\\projects\\react_native_blog\\src\\modules\\posts\\PostItem\\styles.js": {"path":"D:\\projects\\react_native_blog\\src\\modules\\posts\\PostItem\\styles.js","statementMap":{"0":{"start":{"line":1,"column":13},"end":{"line":1,"column":75}},"1":{"start":{"line":1,"column":75},"end":{"line":1,"column":103}},"2":{"start":{"line":2,"column":18},"end":{"line":2,"column":51}},"3":{"start":{"line":3,"column":14},"end":{"line":3,"column":43}},"4":{"start":{"line":5,"column":0},"end":{"line":25,"column":35}},"5":{"start":{"line":25,"column":36},"end":{"line":25,"column":66}}},"fnMap":{},"branchMap":{},"s":{"0":0,"1":0,"2":0,"3":0,"4":0,"5":0},"f":{},"b":{},"inputSourceMap":null}
,"D:\\projects\\react_native_blog\\src\\modules\\posts\\PostList\\index.js": {"path":"D:\\projects\\react_native_blog\\src\\modules\\posts\\PostList\\index.js","statementMap":{"0":{"start":{"line":1,"column":42},"end":{"line":1,"column":97}},"1":{"start":{"line":1,"column":128},"end":{"line":1,"column":184}},"2":{"start":{"line":1,"column":185},"end":{"line":1,"column":247}},"3":{"start":{"line":1,"column":247},"end":{"line":1,"column":274}},"4":{"start":{"line":1,"column":297},"end":{"line":1,"column":369}},"5":{"start":{"line":2,"column":13},"end":{"line":2,"column":54}},"6":{"start":{"line":3,"column":18},"end":{"line":3,"column":40}},"7":{"start":{"line":4,"column":19},"end":{"line":4,"column":42}},"8":{"start":{"line":7,"column":12},"end":{"line":7,"column":64}},"9":{"start":{"line":8,"column":16},"end":{"line":8,"column":62}},"10":{"start":{"line":9,"column":20},"end":{"line":9,"column":80}},"11":{"start":{"line":10,"column":13},"end":{"line":10,"column":66}},"12":{"start":{"line":11,"column":21},"end":{"line":11,"column":66}},"13":{"start":{"line":12,"column":20},"end":{"line":12,"column":64}},"14":{"start":{"line":16,"column":13},"end":{"line":16,"column":69}},"15":{"start":{"line":17,"column":13},"end":{"line":17,"column":69}},"16":{"start":{"line":18,"column":17},"end":{"line":18,"column":46}},"17":{"start":{"line":19,"column":21},"end":{"line":19,"column":66}},"18":{"start":{"line":19,"column":86},"end":{"line":19,"column":160}},"19":{"start":{"line":22,"column":55},"end":{"line":22,"column":59}},"20":{"start":{"line":22,"column":138},"end":{"line":22,"column":148}},"21":{"start":{"line":22,"column":162},"end":{"line":22,"column":177}},"22":{"start":{"line":23,"column":2},"end":{"line":23,"column":14}},"23":{"start":{"line":23,"column":26},"end":{"line":23,"column":48}},"24":{"start":{"line":23,"column":56},"end":{"line":23,"column":74}},"25":{"start":{"line":24,"column":2},"end":{"line":24,"column":70}},"26":{"start":{"line":24,"column":49},"end":{"line":24,"column":68}},"27":{"start":{"line":24,"column":88},"end":{"line":24,"column":115}},"28":{"start":{"line":25,"column":20},"end":{"line":25,"column":78}},"29":{"start":{"line":26,"column":13},"end":{"line":26,"column":67}},"30":{"start":{"line":27,"column":17},"end":{"line":27,"column":47}},"31":{"start":{"line":30,"column":2},"end":{"line":38,"column":19}},"32":{"start":{"line":31,"column":4},"end":{"line":33,"column":5}},"33":{"start":{"line":32,"column":6},"end":{"line":32,"column":57}},"34":{"start":{"line":34,"column":4},"end":{"line":34,"column":14}},"35":{"start":{"line":35,"column":4},"end":{"line":36,"column":57}},"36":{"start":{"line":40,"column":16},"end":{"line":47,"column":3}},"37":{"start":{"line":41,"column":4},"end":{"line":46,"column":5}},"38":{"start":{"line":42,"column":6},"end":{"line":42,"column":80}},"39":{"start":{"line":43,"column":6},"end":{"line":43,"column":77}},"40":{"start":{"line":45,"column":6},"end":{"line":45,"column":77}},"41":{"start":{"line":50,"column":26},"end":{"line":52,"column":3}},"42":{"start":{"line":51,"column":4},"end":{"line":51,"column":60}},"43":{"start":{"line":54,"column":2},"end":{"line":65,"column":352}},"44":{"start":{"line":59,"column":49},"end":{"line":59,"column":75}},"45":{"start":{"line":60,"column":83},"end":{"line":60,"column":93}},"46":{"start":{"line":60,"column":94},"end":{"line":60,"column":514}},"47":{"start":{"line":64,"column":83},"end":{"line":64,"column":535}}},"fnMap":{"0":{"name":"Posts","decl":{"start":{"line":22,"column":9},"end":{"line":22,"column":14}},"loc":{"start":{"line":22,"column":21},"end":{"line":69,"column":1}},"line":22},"1":{"name":"(anonymous_1)","decl":{"start":{"line":24,"column":31},"end":{"line":24,"column":32}},"loc":{"start":{"line":24,"column":48},"end":{"line":24,"column":69}},"line":24},"2":{"name":"(anonymous_2)","decl":{"start":{"line":30,"column":30},"end":{"line":30,"column":31}},"loc":{"start":{"line":30,"column":42},"end":{"line":38,"column":3}},"line":30},"3":{"name":"refresh","decl":{"start":{"line":40,"column":25},"end":{"line":40,"column":32}},"loc":{"start":{"line":40,"column":35},"end":{"line":47,"column":3}},"line":40},"4":{"name":"onChangeInputText","decl":{"start":{"line":50,"column":35},"end":{"line":50,"column":52}},"loc":{"start":{"line":50,"column":61},"end":{"line":52,"column":3}},"line":50},"5":{"name":"keyExtractor","decl":{"start":{"line":59,"column":29},"end":{"line":59,"column":41}},"loc":{"start":{"line":59,"column":48},"end":{"line":59,"column":76}},"line":59},"6":{"name":"renderItem","decl":{"start":{"line":60,"column":27},"end":{"line":60,"column":37}},"loc":{"start":{"line":60,"column":45},"end":{"line":60,"column":515}},"line":60},"7":{"name":"ListEmptyComponent","decl":{"start":{"line":64,"column":35},"end":{"line":64,"column":53}},"loc":{"start":{"line":64,"column":56},"end":{"line":64,"column":536}},"line":64}},"branchMap":{"0":{"loc":{"start":{"line":31,"column":4},"end":{"line":33,"column":5}},"type":"if","locations":[{"start":{"line":31,"column":4},"end":{"line":33,"column":5}},{"start":{"line":31,"column":4},"end":{"line":33,"column":5}}],"line":31},"1":{"loc":{"start":{"line":41,"column":4},"end":{"line":46,"column":5}},"type":"if","locations":[{"start":{"line":41,"column":4},"end":{"line":46,"column":5}},{"start":{"line":41,"column":4},"end":{"line":46,"column":5}}],"line":41}},"s":{"0":0,"1":0,"2":0,"3":0,"4":0,"5":0,"6":0,"7":0,"8":0,"9":0,"10":0,"11":0,"12":0,"13":0,"14":0,"15":0,"16":0,"17":0,"18":0,"19":0,"20":0,"21":0,"22":0,"23":0,"24":0,"25":0,"26":0,"27":0,"28":0,"29":0,"30":0,"31":0,"32":0,"33":0,"34":0,"35":0,"36":0,"37":0,"38":0,"39":0,"40":0,"41":0,"42":0,"43":0,"44":0,"45":0,"46":0,"47":0},"f":{"0":0,"1":0,"2":0,"3":0,"4":0,"5":0,"6":0,"7":0},"b":{"0":[0,0],"1":[0,0]},"inputSourceMap":null}
,"D:\\projects\\react_native_blog\\src\\routes\\index.js": {"path":"D:\\projects\\react_native_blog\\src\\routes\\index.js","statementMap":{"0":{"start":{"line":1,"column":42},"end":{"line":1,"column":97}},"1":{"start":{"line":1,"column":98},"end":{"line":1,"column":160}},"2":{"start":{"line":1,"column":160},"end":{"line":1,"column":188}},"3":{"start":{"line":1,"column":211},"end":{"line":1,"column":283}},"4":{"start":{"line":2,"column":13},"end":{"line":2,"column":53}},"5":{"start":{"line":3,"column":13},"end":{"line":3,"column":47}},"6":{"start":{"line":6,"column":20},"end":{"line":6,"column":69}},"7":{"start":{"line":6,"column":89},"end":{"line":6,"column":145}},"8":{"start":{"line":8,"column":12},"end":{"line":8,"column":46}},"9":{"start":{"line":11,"column":2},"end":{"line":13,"column":449}}},"fnMap":{"0":{"name":"Routes","decl":{"start":{"line":10,"column":9},"end":{"line":10,"column":15}},"loc":{"start":{"line":10,"column":18},"end":{"line":16,"column":1}},"line":10}},"branchMap":{},"s":{"0":0,"1":0,"2":0,"3":0,"4":0,"5":0,"6":0,"7":0,"8":0,"9":0},"f":{"0":0},"b":{},"inputSourceMap":null}
,"D:\\projects\\react_native_blog\\src\\routes\\names.js": {"path":"D:\\projects\\react_native_blog\\src\\routes\\names.js","statementMap":{"0":{"start":{"line":1,"column":13},"end":{"line":1,"column":75}},"1":{"start":{"line":1,"column":75},"end":{"line":1,"column":103}},"2":{"start":{"line":1,"column":118},"end":{"line":4,"column":19}},"3":{"start":{"line":4,"column":20},"end":{"line":4,"column":50}}},"fnMap":{},"branchMap":{},"s":{"0":0,"1":0,"2":0,"3":0},"f":{},"b":{},"inputSourceMap":null}
,"D:\\projects\\react_native_blog\\src\\routes\\routesTheme.js": {"path":"D:\\projects\\react_native_blog\\src\\routes\\routesTheme.js","statementMap":{"0":{"start":{"line":1,"column":42},"end":{"line":1,"column":97}},"1":{"start":{"line":1,"column":98},"end":{"line":1,"column":160}},"2":{"start":{"line":1,"column":160},"end":{"line":1,"column":188}},"3":{"start":{"line":1,"column":211},"end":{"line":1,"column":283}},"4":{"start":{"line":2,"column":14},"end":{"line":2,"column":49}},"5":{"start":{"line":5,"column":14},"end":{"line":5,"column":37}},"6":{"start":{"line":5,"column":91},"end":{"line":5,"column":110}},"7":{"start":{"line":5,"column":111},"end":{"line":5,"column":356}},"8":{"start":{"line":5,"column":160},"end":{"line":5,"column":196}},"9":{"start":{"line":5,"column":197},"end":{"line":5,"column":324}},"10":{"start":{"line":5,"column":217},"end":{"line":5,"column":324}},"11":{"start":{"line":5,"column":258},"end":{"line":5,"column":321}},"12":{"start":{"line":5,"column":324},"end":{"line":5,"column":355}},"13":{"start":{"line":5,"column":356},"end":{"line":5,"column":368}},"14":{"start":{"line":5,"column":401},"end":{"line":5,"column":889}},"15":{"start":{"line":5,"column":414},"end":{"line":5,"column":415}},"16":{"start":{"line":5,"column":458},"end":{"line":5,"column":498}},"17":{"start":{"line":5,"column":499},"end":{"line":5,"column":888}},"18":{"start":{"line":5,"column":511},"end":{"line":5,"column":627}},"19":{"start":{"line":5,"column":565},"end":{"line":5,"column":624}},"20":{"start":{"line":5,"column":634},"end":{"line":5,"column":888}},"21":{"start":{"line":5,"column":673},"end":{"line":5,"column":747}},"22":{"start":{"line":5,"column":755},"end":{"line":5,"column":887}},"23":{"start":{"line":5,"column":803},"end":{"line":5,"column":884}},"24":{"start":{"line":5,"column":889},"end":{"line":5,"column":903}},"25":{"start":{"line":5,"column":919},"end":{"line":12,"column":35}},"26":{"start":{"line":12,"column":36},"end":{"line":12,"column":66}}},"fnMap":{"0":{"name":"ownKeys","decl":{"start":{"line":5,"column":47},"end":{"line":5,"column":54}},"loc":{"start":{"line":5,"column":79},"end":{"line":5,"column":369}},"line":5},"1":{"name":"(anonymous_1)","decl":{"start":{"line":5,"column":242},"end":{"line":5,"column":243}},"loc":{"start":{"line":5,"column":257},"end":{"line":5,"column":322}},"line":5},"2":{"name":"_objectSpread","decl":{"start":{"line":5,"column":378},"end":{"line":5,"column":391}},"loc":{"start":{"line":5,"column":400},"end":{"line":5,"column":904}},"line":5},"3":{"name":"(anonymous_3)","decl":{"start":{"line":5,"column":549},"end":{"line":5,"column":550}},"loc":{"start":{"line":5,"column":564},"end":{"line":5,"column":625}},"line":5},"4":{"name":"(anonymous_4)","decl":{"start":{"line":5,"column":787},"end":{"line":5,"column":788}},"loc":{"start":{"line":5,"column":802},"end":{"line":5,"column":885}},"line":5}},"branchMap":{"0":{"loc":{"start":{"line":5,"column":111},"end":{"line":5,"column":356}},"type":"if","locations":[{"start":{"line":5,"column":111},"end":{"line":5,"column":356}},{"start":{"line":5,"column":111},"end":{"line":5,"column":356}}],"line":5},"1":{"loc":{"start":{"line":5,"column":197},"end":{"line":5,"column":324}},"type":"if","locations":[{"start":{"line":5,"column":197},"end":{"line":5,"column":324}},{"start":{"line":5,"column":197},"end":{"line":5,"column":324}}],"line":5},"2":{"loc":{"start":{"line":5,"column":458},"end":{"line":5,"column":498}},"type":"cond-expr","locations":[{"start":{"line":5,"column":481},"end":{"line":5,"column":493}},{"start":{"line":5,"column":496},"end":{"line":5,"column":498}}],"line":5},"3":{"loc":{"start":{"line":5,"column":499},"end":{"line":5,"column":888}},"type":"if","locations":[{"start":{"line":5,"column":499},"end":{"line":5,"column":888}},{"start":{"line":5,"column":499},"end":{"line":5,"column":888}}],"line":5},"4":{"loc":{"start":{"line":5,"column":634},"end":{"line":5,"column":888}},"type":"if","locations":[{"start":{"line":5,"column":634},"end":{"line":5,"column":888}},{"start":{"line":5,"column":634},"end":{"line":5,"column":888}}],"line":5}},"s":{"0":0,"1":0,"2":0,"3":0,"4":0,"5":0,"6":0,"7":0,"8":0,"9":0,"10":0,"11":0,"12":0,"13":0,"14":0,"15":0,"16":0,"17":0,"18":0,"19":0,"20":0,"21":0,"22":0,"23":0,"24":0,"25":0,"26":0},"f":{"0":0,"1":0,"2":0,"3":0,"4":0},"b":{"0":[0,0],"1":[0,0],"2":[0,0],"3":[0,0],"4":[0,0]},"inputSourceMap":null}
,"D:\\projects\\react_native_blog\\src\\routes\\authorsStack\\index.js": {"path":"D:\\projects\\react_native_blog\\src\\routes\\authorsStack\\index.js","statementMap":{"0":{"start":{"line":1,"column":42},"end":{"line":1,"column":97}},"1":{"start":{"line":1,"column":98},"end":{"line":1,"column":160}},"2":{"start":{"line":1,"column":160},"end":{"line":1,"column":194}},"3":{"start":{"line":1,"column":217},"end":{"line":1,"column":289}},"4":{"start":{"line":2,"column":13},"end":{"line":2,"column":53}},"5":{"start":{"line":3,"column":13},"end":{"line":3,"column":47}},"6":{"start":{"line":6,"column":19},"end":{"line":6,"column":87}},"7":{"start":{"line":7,"column":16},"end":{"line":7,"column":79}},"8":{"start":{"line":8,"column":13},"end":{"line":8,"column":56}},"9":{"start":{"line":8,"column":76},"end":{"line":8,"column":146}},"10":{"start":{"line":10,"column":12},"end":{"line":10,"column":46}},"11":{"start":{"line":13,"column":2},"end":{"line":23,"column":459}}},"fnMap":{"0":{"name":"AuthorsStack","decl":{"start":{"line":12,"column":9},"end":{"line":12,"column":21}},"loc":{"start":{"line":12,"column":24},"end":{"line":26,"column":1}},"line":12}},"branchMap":{},"s":{"0":0,"1":0,"2":0,"3":0,"4":0,"5":0,"6":0,"7":0,"8":0,"9":0,"10":0,"11":0},"f":{"0":0},"b":{},"inputSourceMap":null}
,"D:\\projects\\react_native_blog\\src\\ui\\colors.js": {"path":"D:\\projects\\react_native_blog\\src\\ui\\colors.js","statementMap":{"0":{"start":{"line":1,"column":13},"end":{"line":1,"column":75}},"1":{"start":{"line":1,"column":75},"end":{"line":1,"column":259}},"2":{"start":{"line":3,"column":12},"end":{"line":3,"column":21}},"3":{"start":{"line":3,"column":22},"end":{"line":3,"column":44}},"4":{"start":{"line":4,"column":17},"end":{"line":4,"column":26}},"5":{"start":{"line":4,"column":27},"end":{"line":4,"column":59}},"6":{"start":{"line":5,"column":12},"end":{"line":5,"column":21}},"7":{"start":{"line":5,"column":22},"end":{"line":5,"column":44}},"8":{"start":{"line":6,"column":16},"end":{"line":6,"column":29}},"9":{"start":{"line":6,"column":30},"end":{"line":6,"column":60}},"10":{"start":{"line":7,"column":12},"end":{"line":7,"column":21}},"11":{"start":{"line":7,"column":22},"end":{"line":7,"column":44}},"12":{"start":{"line":8,"column":19},"end":{"line":8,"column":28}},"13":{"start":{"line":8,"column":29},"end":{"line":8,"column":65}},"14":{"start":{"line":9,"column":23},"end":{"line":9,"column":32}},"15":{"start":{"line":9,"column":33},"end":{"line":9,"column":77}},"16":{"start":{"line":10,"column":14},"end":{"line":10,"column":23}},"17":{"start":{"line":10,"column":24},"end":{"line":10,"column":50}},"18":{"start":{"line":11,"column":16},"end":{"line":11,"column":25}},"19":{"start":{"line":11,"column":26},"end":{"line":11,"column":56}}},"fnMap":{},"branchMap":{},"s":{"0":0,"1":0,"2":0,"3":0,"4":0,"5":0,"6":0,"7":0,"8":0,"9":0,"10":0,"11":0,"12":0,"13":0,"14":0,"15":0,"16":0,"17":0,"18":0,"19":0},"f":{},"b":{},"inputSourceMap":null}
,"D:\\projects\\react_native_blog\\src\\ui\\responsive.js": {"path":"D:\\projects\\react_native_blog\\src\\ui\\responsive.js","statementMap":{"0":{"start":{"line":1,"column":13},"end":{"line":1,"column":75}},"1":{"start":{"line":1,"column":75},"end":{"line":1,"column":313}},"2":{"start":{"line":2,"column":19},"end":{"line":2,"column":42}},"3":{"start":{"line":5,"column":18},"end":{"line":5,"column":21}},"4":{"start":{"line":6,"column":15},"end":{"line":7,"column":65}},"5":{"start":{"line":6,"column":40},"end":{"line":7,"column":64}},"6":{"start":{"line":7,"column":66},"end":{"line":7,"column":94}},"7":{"start":{"line":10,"column":23},"end":{"line":10,"column":26}},"8":{"start":{"line":10,"column":27},"end":{"line":10,"column":71}},"9":{"start":{"line":11,"column":23},"end":{"line":11,"column":26}},"10":{"start":{"line":11,"column":27},"end":{"line":11,"column":71}},"11":{"start":{"line":14,"column":18},"end":{"line":14,"column":61}},"12":{"start":{"line":14,"column":62},"end":{"line":14,"column":96}},"13":{"start":{"line":15,"column":19},"end":{"line":15,"column":63}},"14":{"start":{"line":15,"column":64},"end":{"line":15,"column":100}},"15":{"start":{"line":19,"column":0},"end":{"line":19,"column":55}},"16":{"start":{"line":19,"column":56},"end":{"line":19,"column":90}},"17":{"start":{"line":20,"column":22},"end":{"line":20,"column":37}},"18":{"start":{"line":20,"column":38},"end":{"line":20,"column":80}},"19":{"start":{"line":22,"column":0},"end":{"line":22,"column":55}},"20":{"start":{"line":22,"column":56},"end":{"line":22,"column":92}},"21":{"start":{"line":23,"column":23},"end":{"line":23,"column":39}},"22":{"start":{"line":23,"column":40},"end":{"line":23,"column":84}},"23":{"start":{"line":26,"column":11},"end":{"line":27,"column":65}},"24":{"start":{"line":26,"column":32},"end":{"line":27,"column":64}},"25":{"start":{"line":27,"column":66},"end":{"line":27,"column":86}}},"fnMap":{"0":{"name":"scalable","decl":{"start":{"line":6,"column":24},"end":{"line":6,"column":32}},"loc":{"start":{"line":6,"column":39},"end":{"line":7,"column":65}},"line":6},"1":{"name":"font","decl":{"start":{"line":26,"column":20},"end":{"line":26,"column":24}},"loc":{"start":{"line":26,"column":31},"end":{"line":27,"column":65}},"line":26}},"branchMap":{"0":{"loc":{"start":{"line":7,"column":12},"end":{"line":7,"column":61}},"type":"cond-expr","locations":[{"start":{"line":7,"column":46},"end":{"line":7,"column":57}},{"start":{"line":7,"column":60},"end":{"line":7,"column":61}}],"line":7},"1":{"loc":{"start":{"line":19,"column":0},"end":{"line":19,"column":55}},"type":"cond-expr","locations":[{"start":{"line":19,"column":34},"end":{"line":19,"column":50}},{"start":{"line":19,"column":53},"end":{"line":19,"column":55}}],"line":19},"2":{"loc":{"start":{"line":22,"column":0},"end":{"line":22,"column":55}},"type":"cond-expr","locations":[{"start":{"line":22,"column":34},"end":{"line":22,"column":50}},{"start":{"line":22,"column":53},"end":{"line":22,"column":55}}],"line":22},"3":{"loc":{"start":{"line":27,"column":12},"end":{"line":27,"column":61}},"type":"cond-expr","locations":[{"start":{"line":27,"column":46},"end":{"line":27,"column":57}},{"start":{"line":27,"column":60},"end":{"line":27,"column":61}}],"line":27}},"s":{"0":0,"1":0,"2":0,"3":0,"4":0,"5":0,"6":0,"7":0,"8":0,"9":0,"10":0,"11":0,"12":0,"13":0,"14":0,"15":0,"16":0,"17":0,"18":0,"19":0,"20":0,"21":0,"22":0,"23":0,"24":0,"25":0},"f":{"0":0,"1":0},"b":{"0":[0,0],"1":[0,0],"2":[0,0],"3":[0,0]},"inputSourceMap":null}
}
