TN:
SF:index.js
FNF:0
FNH:0
DA:1,0
DA:2,0
DA:3,0
DA:6,0
DA:8,0
LF:5
LH:0
BRF:0
BRH:0
end_of_record
TN:
SF:src\App.js
FN:11,App
FNF:1
FNH:0
FNDA:0,App
DA:1,0
DA:2,0
DA:3,0
DA:4,0
DA:7,0
DA:8,0
DA:9,0
DA:12,0
LF:8
LH:0
BRF:0
BRH:0
end_of_record
TN:
SF:src\selectors.js
FN:4,authorsSelector
FN:5,authorsListSelector
FN:7,postListSelector
FN:8,postsListSelector
FN:9,postsSelector
FN:11,searchAuthorsSelector
FN:12,searchPostsSelector
FN:17,(anonymous_7)
FN:22,(anonymous_8)
FN:25,(anonymous_9)
FN:31,(anonymous_10)
FN:32,(anonymous_11)
FN:51,(anonymous_12)
FN:52,(anonymous_13)
FNF:14
FNH:0
FNDA:0,authorsSelector
FNDA:0,authorsListSelector
FNDA:0,postListSelector
FNDA:0,postsListSelector
FNDA:0,postsSelector
FNDA:0,searchAuthorsSelector
FNDA:0,searchPostsSelector
FNDA:0,(anonymous_7)
FNDA:0,(anonymous_8)
FNDA:0,(anonymous_9)
FNDA:0,(anonymous_10)
FNDA:0,(anonymous_11)
FNDA:0,(anonymous_12)
FNDA:0,(anonymous_13)
DA:1,0
DA:4,0
DA:5,0
DA:7,0
DA:8,0
DA:9,0
DA:11,0
DA:12,0
DA:15,0
DA:17,0
DA:20,0
DA:22,0
DA:25,0
DA:26,0
DA:29,0
DA:32,0
DA:33,0
DA:34,0
DA:37,0
DA:41,0
DA:44,0
DA:46,0
DA:49,0
DA:52,0
DA:53,0
DA:54,0
DA:57,0
DA:61,0
DA:64,0
DA:66,0
LF:30
LH:0
BRDA:26,0,0,0
BRDA:26,0,1,0
BRDA:33,1,0,0
BRDA:33,1,1,0
BRDA:44,2,0,0
BRDA:44,2,1,0
BRDA:53,3,0,0
BRDA:53,3,1,0
BRDA:64,4,0,0
BRDA:64,4,1,0
BRF:10
BRH:0
end_of_record
TN:
SF:src\store.js
FN:7,ownKeys
FN:7,(anonymous_1)
FN:7,_objectSpread
FN:7,(anonymous_3)
FN:7,(anonymous_4)
FNF:5
FNH:0
FNDA:0,ownKeys
FNDA:0,(anonymous_1)
FNDA:0,_objectSpread
FNDA:0,(anonymous_3)
FNDA:0,(anonymous_4)
DA:1,0
DA:2,0
DA:3,0
DA:4,0
DA:7,0
DA:9,0
DA:13,0
DA:15,0
DA:17,0
LF:9
LH:0
BRDA:7,0,0,0
BRDA:7,0,1,0
BRDA:7,1,0,0
BRDA:7,1,1,0
BRDA:7,2,0,0
BRDA:7,2,1,0
BRDA:7,3,0,0
BRDA:7,3,1,0
BRDA:7,4,0,0
BRDA:7,4,1,0
BRDA:13,5,0,0
BRDA:13,5,1,0
BRF:12
BRH:0
end_of_record
TN:
SF:src\api\actions\authorActions.js
FN:15,getAuthorsList
FN:16,(anonymous_1)
FN:16,_callee
FN:16,_callee$
FN:36,(anonymous_4)
FN:42,getCurrentAuthor
FN:43,(anonymous_6)
FN:43,_callee2
FN:43,_callee2$
FN:67,(anonymous_9)
FNF:10
FNH:0
FNDA:0,getAuthorsList
FNDA:0,(anonymous_1)
FNDA:0,_callee
FNDA:0,_callee$
FNDA:0,(anonymous_4)
FNDA:0,getCurrentAuthor
FNDA:0,(anonymous_6)
FNDA:0,_callee2
FNDA:0,_callee2$
FNDA:0,(anonymous_9)
DA:1,0
DA:2,0
DA:5,0
DA:6,0
DA:15,0
DA:16,0
DA:17,0
DA:19,0
DA:23,0
DA:24,0
DA:26,0
DA:29,0
DA:31,0
DA:34,0
DA:36,0
DA:42,0
DA:43,0
DA:44,0
DA:46,0
DA:52,0
DA:55,0
DA:57,0
DA:60,0
DA:62,0
DA:65,0
DA:67,0
LF:26
LH:0
BRDA:15,0,0,0
BRDA:15,0,1,0
BRDA:15,1,0,0
BRDA:15,1,1,0
BRDA:16,2,0,0
BRDA:16,2,1,0
BRDA:16,2,2,0
BRDA:16,2,3,0
BRDA:16,2,4,0
BRDA:16,2,5,0
BRDA:42,3,0,0
BRDA:42,3,1,0
BRDA:42,4,0,0
BRDA:42,4,1,0
BRDA:43,5,0,0
BRDA:43,5,1,0
BRDA:43,5,2,0
BRDA:43,5,3,0
BRDA:43,5,4,0
BRDA:43,5,5,0
BRF:20
BRH:0
end_of_record
TN:
SF:src\api\actions\postsActions.js
FN:6,ownKeys
FN:6,(anonymous_1)
FN:6,_objectSpread
FN:6,(anonymous_3)
FN:6,(anonymous_4)
FN:16,getPostsList
FN:17,(anonymous_6)
FN:17,_callee
FN:17,_callee$
FN:25,(anonymous_9)
FN:43,(anonymous_10)
FN:49,getCurrentPost
FN:50,(anonymous_12)
FN:50,_callee2
FN:50,_callee2$
FN:63,(anonymous_15)
FN:81,(anonymous_16)
FN:87,getExistedPost
FN:88,(anonymous_18)
FNF:19
FNH:0
FNDA:0,ownKeys
FNDA:0,(anonymous_1)
FNDA:0,_objectSpread
FNDA:0,(anonymous_3)
FNDA:0,(anonymous_4)
FNDA:0,getPostsList
FNDA:0,(anonymous_6)
FNDA:0,_callee
FNDA:0,_callee$
FNDA:0,(anonymous_9)
FNDA:0,(anonymous_10)
FNDA:0,getCurrentPost
FNDA:0,(anonymous_12)
FNDA:0,_callee2
FNDA:0,_callee2$
FNDA:0,(anonymous_15)
FNDA:0,(anonymous_16)
FNDA:0,getExistedPost
FNDA:0,(anonymous_18)
DA:1,0
DA:2,0
DA:5,0
DA:6,0
DA:16,0
DA:17,0
DA:18,0
DA:20,0
DA:24,0
DA:25,0
DA:26,0
DA:31,0
DA:33,0
DA:36,0
DA:38,0
DA:41,0
DA:43,0
DA:49,0
DA:50,0
DA:51,0
DA:53,0
DA:59,0
DA:63,0
DA:64,0
DA:69,0
DA:71,0
DA:74,0
DA:76,0
DA:79,0
DA:81,0
DA:88,0
DA:89,0
LF:32
LH:0
BRDA:6,0,0,0
BRDA:6,0,1,0
BRDA:6,1,0,0
BRDA:6,1,1,0
BRDA:6,2,0,0
BRDA:6,2,1,0
BRDA:6,3,0,0
BRDA:6,3,1,0
BRDA:6,4,0,0
BRDA:6,4,1,0
BRDA:16,5,0,0
BRDA:16,5,1,0
BRDA:16,6,0,0
BRDA:16,6,1,0
BRDA:17,7,0,0
BRDA:17,7,1,0
BRDA:17,7,2,0
BRDA:17,7,3,0
BRDA:17,7,4,0
BRDA:17,7,5,0
BRDA:49,8,0,0
BRDA:49,8,1,0
BRDA:49,9,0,0
BRDA:49,9,1,0
BRDA:50,10,0,0
BRDA:50,10,1,0
BRDA:50,10,2,0
BRDA:50,10,3,0
BRDA:50,10,4,0
BRDA:50,10,5,0
BRF:30
BRH:0
end_of_record
TN:
SF:src\api\actions\searchActions.js
FN:4,authorsUpdateSearch
FN:5,(anonymous_1)
FN:13,postsUpdateSearch
FN:14,(anonymous_3)
FNF:4
FNH:0
FNDA:0,authorsUpdateSearch
FNDA:0,(anonymous_1)
FNDA:0,postsUpdateSearch
FNDA:0,(anonymous_3)
DA:1,0
DA:2,0
DA:5,0
DA:6,0
DA:14,0
DA:15,0
LF:6
LH:0
BRF:0
BRH:0
end_of_record
TN:
SF:src\api\actions\types.js
FNF:0
FNH:0
DA:1,0
DA:3,0
DA:6,0
DA:7,0
DA:8,0
DA:11,0
DA:12,0
DA:13,0
DA:16,0
DA:17,0
DA:18,0
DA:21,0
DA:22,0
DA:23,0
DA:27,0
DA:28,0
DA:30,0
LF:17
LH:0
BRF:0
BRH:0
end_of_record
TN:
SF:src\api\state\authorsState.js
FN:2,ownKeys
FN:2,(anonymous_1)
FN:2,_objectSpread
FN:2,(anonymous_3)
FN:2,(anonymous_4)
FN:22,_default
FNF:6
FNH:0
FNDA:0,ownKeys
FNDA:0,(anonymous_1)
FNDA:0,_objectSpread
FNDA:0,(anonymous_3)
FNDA:0,(anonymous_4)
FNDA:0,_default
DA:1,0
DA:2,0
DA:15,0
DA:22,0
DA:23,0
DA:25,0
DA:31,0
DA:37,0
DA:43,0
DA:49,0
DA:55,0
DA:61,0
DA:63,0
LF:13
LH:0
BRDA:2,0,0,0
BRDA:2,0,1,0
BRDA:2,1,0,0
BRDA:2,1,1,0
BRDA:2,2,0,0
BRDA:2,2,1,0
BRDA:2,3,0,0
BRDA:2,3,1,0
BRDA:2,4,0,0
BRDA:2,4,1,0
BRDA:22,5,0,0
BRDA:22,5,1,0
BRDA:22,6,0,0
BRDA:22,6,1,0
BRDA:22,7,0,0
BRDA:22,7,1,0
BRDA:23,8,0,0
BRDA:23,8,1,0
BRDA:23,8,2,0
BRDA:23,8,3,0
BRDA:23,8,4,0
BRDA:23,8,5,0
BRDA:23,8,6,0
BRF:23
BRH:0
end_of_record
TN:
SF:src\api\state\index.js
FNF:0
FNH:0
DA:1,0
DA:2,0
DA:3,0
DA:4,0
DA:6,0
DA:9,0
LF:6
LH:0
BRF:0
BRH:0
end_of_record
TN:
SF:src\api\state\postsState.js
FN:2,ownKeys
FN:2,(anonymous_1)
FN:2,_objectSpread
FN:2,(anonymous_3)
FN:2,(anonymous_4)
FN:22,_default
FN:63,(anonymous_6)
FNF:7
FNH:0
FNDA:0,ownKeys
FNDA:0,(anonymous_1)
FNDA:0,_objectSpread
FNDA:0,(anonymous_3)
FNDA:0,(anonymous_4)
FNDA:0,_default
FNDA:0,(anonymous_6)
DA:1,0
DA:2,0
DA:15,0
DA:22,0
DA:23,0
DA:25,0
DA:31,0
DA:37,0
DA:43,0
DA:49,0
DA:55,0
DA:61,0
DA:63,0
DA:67,0
DA:69,0
LF:15
LH:0
BRDA:2,0,0,0
BRDA:2,0,1,0
BRDA:2,1,0,0
BRDA:2,1,1,0
BRDA:2,2,0,0
BRDA:2,2,1,0
BRDA:2,3,0,0
BRDA:2,3,1,0
BRDA:2,4,0,0
BRDA:2,4,1,0
BRDA:22,5,0,0
BRDA:22,5,1,0
BRDA:22,6,0,0
BRDA:22,6,1,0
BRDA:22,7,0,0
BRDA:22,7,1,0
BRDA:23,8,0,0
BRDA:23,8,1,0
BRDA:23,8,2,0
BRDA:23,8,3,0
BRDA:23,8,4,0
BRDA:23,8,5,0
BRDA:23,8,6,0
BRDA:23,8,7,0
BRF:24
BRH:0
end_of_record
TN:
SF:src\api\state\searchState.js
FN:2,ownKeys
FN:2,(anonymous_1)
FN:2,_objectSpread
FN:2,(anonymous_3)
FN:2,(anonymous_4)
FN:13,_default
FNF:6
FNH:0
FNDA:0,ownKeys
FNDA:0,(anonymous_1)
FNDA:0,_objectSpread
FNDA:0,(anonymous_3)
FNDA:0,(anonymous_4)
FNDA:0,_default
DA:1,0
DA:2,0
DA:7,0
DA:13,0
DA:14,0
DA:16,0
DA:22,0
DA:28,0
DA:30,0
LF:9
LH:0
BRDA:2,0,0,0
BRDA:2,0,1,0
BRDA:2,1,0,0
BRDA:2,1,1,0
BRDA:2,2,0,0
BRDA:2,2,1,0
BRDA:2,3,0,0
BRDA:2,3,1,0
BRDA:2,4,0,0
BRDA:2,4,1,0
BRDA:13,5,0,0
BRDA:13,5,1,0
BRDA:13,6,0,0
BRDA:13,6,1,0
BRDA:13,7,0,0
BRDA:13,7,1,0
BRDA:14,8,0,0
BRDA:14,8,1,0
BRDA:14,8,2,0
BRF:19
BRH:0
end_of_record
TN:
SF:src\config\env.js
FNF:0
FNH:0
DA:1,0
DA:2,0
DA:3,0
LF:3
LH:0
BRF:0
BRH:0
end_of_record
TN:
SF:src\config\words.js
FNF:0
FNH:0
DA:1,0
DA:6,0
LF:2
LH:0
BRF:0
BRH:0
end_of_record
TN:
SF:src\helpers\utils.js
FN:1,getRoutesForStack
FN:2,(anonymous_1)
FN:8,getFirstLetters
FN:9,(anonymous_3)
FN:16,postsCount
FNF:5
FNH:0
FNDA:0,getRoutesForStack
FNDA:0,(anonymous_1)
FNDA:0,getFirstLetters
FNDA:0,(anonymous_3)
FNDA:0,postsCount
DA:1,0
DA:2,0
DA:3,0
DA:4,0
DA:9,0
DA:10,0
DA:11,0
DA:12,0
DA:17,0
LF:9
LH:0
BRDA:10,0,0,0
BRDA:10,0,1,0
BRDA:17,1,0,0
BRDA:17,1,1,0
BRF:4
BRH:0
end_of_record
TN:
SF:src\modules\authors\AuthorsItem\index.js
FN:16,AuthorsItem
FNF:1
FNH:0
FNDA:0,AuthorsItem
DA:1,0
DA:2,0
DA:3,0
DA:4,0
DA:5,0
DA:8,0
DA:9,0
DA:10,0
DA:13,0
DA:16,0
DA:17,0
DA:42,0
DA:48,0
LF:13
LH:0
BRF:0
BRH:0
end_of_record
TN:
SF:src\modules\authors\AuthorsItem\styles.js
FNF:0
FNH:0
DA:1,0
DA:2,0
DA:3,0
DA:10,0
DA:27,0
LF:5
LH:0
BRF:0
BRH:0
end_of_record
TN:
SF:src\modules\authors\AuthorsList\index.js
FN:21,AuthorsList
FN:22,(anonymous_1)
FN:23,(anonymous_2)
FN:28,(anonymous_3)
FN:33,refresh
FN:39,onSelect
FN:39,(anonymous_6)
FN:47,onChangeInputText
FN:52,getPostsAmount
FN:53,(anonymous_9)
FN:62,keyExtractor
FN:63,renderItem
FN:73,ListEmptyComponent
FNF:13
FNH:0
FNDA:0,AuthorsList
FNDA:0,(anonymous_1)
FNDA:0,(anonymous_2)
FNDA:0,(anonymous_3)
FNDA:0,refresh
FNDA:0,onSelect
FNDA:0,(anonymous_6)
FNDA:0,onChangeInputText
FNDA:0,getPostsAmount
FNDA:0,(anonymous_9)
FNDA:0,keyExtractor
FNDA:0,renderItem
FNDA:0,ListEmptyComponent
DA:1,0
DA:2,0
DA:3,0
DA:4,0
DA:7,0
DA:10,0
DA:11,0
DA:12,0
DA:13,0
DA:14,0
DA:15,0
DA:16,0
DA:17,0
DA:18,0
DA:19,0
DA:21,0
DA:22,0
DA:23,0
DA:24,0
DA:25,0
DA:28,0
DA:29,0
DA:33,0
DA:34,0
DA:35,0
DA:39,0
DA:40,0
DA:47,0
DA:48,0
DA:52,0
DA:53,0
DA:56,0
DA:62,0
DA:63,0
DA:73,0
DA:83,0
LF:36
LH:0
BRF:0
BRH:0
end_of_record
TN:
SF:src\modules\authors\AuthorsList\styles.js
FNF:0
FNH:0
DA:1,0
DA:2,0
DA:5,0
DA:7,0
LF:4
LH:0
BRF:0
BRH:0
end_of_record
TN:
SF:src\modules\common\Body\index.js
FN:9,Body
FNF:1
FNH:0
FNDA:0,Body
DA:1,0
DA:2,0
DA:3,0
DA:4,0
DA:7,0
DA:9,0
DA:10,0
DA:21,0
LF:8
LH:0
BRF:0
BRH:0
end_of_record
TN:
SF:src\modules\common\Body\styles.js
FNF:0
FNH:0
DA:1,0
DA:2,0
DA:5,0
DA:7,0
DA:22,0
LF:5
LH:0
BRF:0
BRH:0
end_of_record
TN:
SF:src\modules\common\EmptyMessage\index.js
FN:9,EmptyMessage
FNF:1
FNH:0
FNDA:0,EmptyMessage
DA:1,0
DA:2,0
DA:3,0
DA:4,0
DA:7,0
DA:9,0
DA:16,0
DA:20,0
LF:8
LH:0
BRF:0
BRH:0
end_of_record
TN:
SF:src\modules\common\EmptyMessage\styles.js
FNF:0
FNH:0
DA:1,0
DA:2,0
DA:5,0
DA:6,0
DA:8,0
DA:19,0
LF:6
LH:0
BRF:0
BRH:0
end_of_record
TN:
SF:src\modules\common\Input\index.js
FN:13,Input
FN:18,onChange
FNF:2
FNH:0
FNDA:0,Input
FNDA:0,onChange
DA:1,0
DA:2,0
DA:3,0
DA:4,0
DA:7,0
DA:10,0
DA:13,0
DA:15,0
DA:18,0
DA:19,0
DA:20,0
DA:23,0
DA:37,0
DA:41,0
LF:14
LH:0
BRF:0
BRH:0
end_of_record
TN:
SF:src\modules\common\Input\styles.js
FNF:0
FNH:0
DA:1,0
DA:2,0
DA:3,0
DA:5,0
DA:17,0
LF:5
LH:0
BRF:0
BRH:0
end_of_record
TN:
SF:src\modules\common\Loading\index.js
FN:10,Loading
FNF:1
FNH:0
FNDA:0,Loading
DA:1,0
DA:2,0
DA:3,0
DA:4,0
DA:7,0
DA:8,0
DA:10,0
DA:11,0
DA:19,0
DA:24,0
DA:29,0
LF:11
LH:0
BRF:0
BRH:0
end_of_record
TN:
SF:src\modules\common\Loading\styles.js
FNF:0
FNH:0
DA:1,0
DA:2,0
DA:5,0
DA:7,0
DA:12,0
LF:5
LH:0
BRF:0
BRH:0
end_of_record
TN:
SF:src\modules\posts\PostItem\index.js
FN:9,PostItem
FNF:1
FNH:0
FNDA:0,PostItem
DA:1,0
DA:2,0
DA:3,0
DA:4,0
DA:7,0
DA:9,0
DA:10,0
DA:21,0
LF:8
LH:0
BRF:0
BRH:0
end_of_record
TN:
SF:src\modules\posts\PostItem\styles.js
FNF:0
FNH:0
DA:1,0
DA:2,0
DA:3,0
DA:5,0
DA:25,0
LF:5
LH:0
BRF:0
BRH:0
end_of_record
TN:
SF:src\modules\posts\PostList\index.js
FN:22,Posts
FN:24,(anonymous_1)
FN:30,(anonymous_2)
FN:40,refresh
FN:50,onChangeInputText
FN:59,keyExtractor
FN:60,renderItem
FN:64,ListEmptyComponent
FNF:8
FNH:0
FNDA:0,Posts
FNDA:0,(anonymous_1)
FNDA:0,(anonymous_2)
FNDA:0,refresh
FNDA:0,onChangeInputText
FNDA:0,keyExtractor
FNDA:0,renderItem
FNDA:0,ListEmptyComponent
DA:1,0
DA:2,0
DA:3,0
DA:4,0
DA:7,0
DA:8,0
DA:9,0
DA:10,0
DA:11,0
DA:12,0
DA:16,0
DA:17,0
DA:18,0
DA:19,0
DA:22,0
DA:23,0
DA:24,0
DA:25,0
DA:26,0
DA:27,0
DA:30,0
DA:31,0
DA:32,0
DA:34,0
DA:35,0
DA:40,0
DA:41,0
DA:42,0
DA:43,0
DA:45,0
DA:50,0
DA:51,0
DA:54,0
DA:59,0
DA:60,0
DA:64,0
LF:36
LH:0
BRDA:31,0,0,0
BRDA:31,0,1,0
BRDA:41,1,0,0
BRDA:41,1,1,0
BRF:4
BRH:0
end_of_record
TN:
SF:src\routes\index.js
FN:10,Routes
FNF:1
FNH:0
FNDA:0,Routes
DA:1,0
DA:2,0
DA:3,0
DA:6,0
DA:8,0
DA:11,0
LF:6
LH:0
BRF:0
BRH:0
end_of_record
TN:
SF:src\routes\names.js
FNF:0
FNH:0
DA:1,0
DA:4,0
LF:2
LH:0
BRF:0
BRH:0
end_of_record
TN:
SF:src\routes\routesTheme.js
FN:5,ownKeys
FN:5,(anonymous_1)
FN:5,_objectSpread
FN:5,(anonymous_3)
FN:5,(anonymous_4)
FNF:5
FNH:0
FNDA:0,ownKeys
FNDA:0,(anonymous_1)
FNDA:0,_objectSpread
FNDA:0,(anonymous_3)
FNDA:0,(anonymous_4)
DA:1,0
DA:2,0
DA:5,0
DA:12,0
LF:4
LH:0
BRDA:5,0,0,0
BRDA:5,0,1,0
BRDA:5,1,0,0
BRDA:5,1,1,0
BRDA:5,2,0,0
BRDA:5,2,1,0
BRDA:5,3,0,0
BRDA:5,3,1,0
BRDA:5,4,0,0
BRDA:5,4,1,0
BRF:10
BRH:0
end_of_record
TN:
SF:src\routes\authorsStack\index.js
FN:12,AuthorsStack
FNF:1
FNH:0
FNDA:0,AuthorsStack
DA:1,0
DA:2,0
DA:3,0
DA:6,0
DA:7,0
DA:8,0
DA:10,0
DA:13,0
LF:8
LH:0
BRF:0
BRH:0
end_of_record
TN:
SF:src\ui\colors.js
FNF:0
FNH:0
DA:1,0
DA:3,0
DA:4,0
DA:5,0
DA:6,0
DA:7,0
DA:8,0
DA:9,0
DA:10,0
DA:11,0
LF:10
LH:0
BRF:0
BRH:0
end_of_record
TN:
SF:src\ui\responsive.js
FN:6,scalable
FN:26,font
FNF:2
FNH:0
FNDA:0,scalable
FNDA:0,font
DA:1,0
DA:2,0
DA:5,0
DA:6,0
DA:7,0
DA:10,0
DA:11,0
DA:14,0
DA:15,0
DA:19,0
DA:20,0
DA:22,0
DA:23,0
DA:26,0
DA:27,0
LF:15
LH:0
BRDA:7,0,0,0
BRDA:7,0,1,0
BRDA:19,1,0,0
BRDA:19,1,1,0
BRDA:22,2,0,0
BRDA:22,2,1,0
BRDA:27,3,0,0
BRDA:27,3,1,0
BRF:8
BRH:0
end_of_record
